#
# A fatal error has been detected by the Java Runtime Environment:
#
#  EXCEPTION_ACCESS_VIOLATION (0xc0000005) at pc=0x00007ffa4bb63004, pid=19356, tid=10600
#
# JRE version: OpenJDK Runtime Environment (24.0.1+9) (build 24.0.1+9-30)
# Java VM: OpenJDK 64-Bit Server VM (24.0.1+9-30, mixed mode, sharing, tiered, compressed oops, compressed class ptrs, g1 gc, windows-amd64)
# Problematic frame:
# C  0x00007ffa4bb63004
#
# No core dump will be written. Minidumps are not enabled by default on client versions of Windows
#
# JFR recording file will be written. Location: C:\Users\orekc\OneDrive\Masaüstü\TinyHouse-main\TinyHouse-main\demo\hs_err_pid19356.jfr
#
# If you would like to submit a bug report, please visit:
#   https://bugreport.java.com/bugreport/crash.jsp
# The crash happened outside the Java Virtual Machine in native code.
# See problematic frame for where to report the bug.
#

---------------  S U M M A R Y ------------

Command Line: -javaagent:C:\Program Files\JetBrains\IntelliJ IDEA 2024.3.4.1\lib\idea_rt.jar=60709 -Dfile.encoding=UTF-8 -Dsun.stdout.encoding=UTF-8 -Dsun.stderr.encoding=UTF-8 --module-path=C:\Users\orekc\.m2\repository\org\openjfx\javafx-fxml\17.0.6\javafx-fxml-17.0.6-win.jar;C:\Users\orekc\.m2\repository\org\openjfx\javafx-controls\17.0.6\javafx-controls-17.0.6-win.jar;C:\Users\orekc\.m2\repository\org\openjfx\javafx-graphics\17.0.6\javafx-graphics-17.0.6-win.jar;C:\Users\orekc\OneDrive\Masaüstü\TinyHouse-main\TinyHouse-main\demo\target\classes;C:\Users\orekc\.m2\repository\org\openjfx\javafx-base\17.0.6\javafx-base-17.0.6-win.jar -Djdk.module.main=com.example.demo com.example.demo/com.example.demo.HelloApplication

Host: 13th Gen Intel(R) Core(TM) i7-13620H, 16 cores, 15G,  Windows 11 , 64 bit Build 26100 (10.0.26100.3912)
Time: Wed Jun 11 16:15:33 2025 Türkiye Standart Saati elapsed time: 11.339970 seconds (0d 0h 0m 11s)

---------------  T H R E A D  ---------------

Current thread (0x000001dd7f103f90):  JavaThread "Attach Listener" daemon [_thread_in_native, id=10600, stack(0x000000b4bd100000,0x000000b4bd200000) (1024K)]

Stack: [0x000000b4bd100000,0x000000b4bd200000],  sp=0x000000b4bd1feea0,  free space=1019k
Native frames: (J=compiled Java code, j=interpreted, Vv=VM code, C=native code)
C  0x00007ffa4bb63004  (no source info available)
C  0x00007ffa4bb634db  (no source info available)
C  0x00007ffa4bb62134  (no source info available)
C  0x00007ffa4bb629aa  (no source info available)
C  0x00007ffa4bb5d561  (no source info available)
C  0x00007ffa4bb4ef21  (no source info available)
C  0x00007ffa4bb4dc38  (no source info available)
C  0x00007ffa4bb4db20  (no source info available)
C  0x00007ffa4bb54af9  (no source info available)
V  [jvm.dll+0x57eff7]  (no source info available)
V  [jvm.dll+0x57fdac]  (no source info available)
V  [jvm.dll+0x14ca17]  (no source info available)
V  [jvm.dll+0x14dfe1]  (no source info available)
V  [jvm.dll+0x42f456]  (no source info available)
V  [jvm.dll+0x87d76b]  (no source info available)
V  [jvm.dll+0x72ee55]  (no source info available)
C  [ucrtbase.dll+0x37b0]  (no source info available)
C  [KERNEL32.DLL+0x2e8d7]  (no source info available)
C  [ntdll.dll+0x9c5dc]  (no source info available)


siginfo: EXCEPTION_ACCESS_VIOLATION (0xc0000005), reading address 0xffffffffffffffff


Registers:
RAX=0x0000000000000010, RBX=0x0000000000000000, RCX=0xffffffffffffffff, RDX=0x007ffa3c7e300010
RSP=0x000000b4bd1feea0, RBP=0x000001dd5b573750, RSI=0x000000b4bd1ff010, RDI=0x000001dd5b573750
R8 =0x0000000000000042, R9 =0x0000000712211580, R10=0x00007ffa3ca59fb0, R11=0x0000000000000004
R12=0x000000b4bd1ff010, R13=0x000001dd5ee394b0, R14=0x000001dd7f104358, R15=0x000001dd7f104358
RIP=0x00007ffa4bb63004, EFLAGS=0x0000000000010202

XMM[0]=0x0000000000000000 0x0000000000000000
XMM[1]=0x0000000000000000 0x0000000000000000
XMM[2]=0x0000000000000000 0x0000000000000000
XMM[3]=0x0000000000000000 0x0000000000000000
XMM[4]=0x0000000000000000 0x0000000000000000
XMM[5]=0x0000000000000000 0x0000000000000000
XMM[6]=0x0000000000000000 0x0000000000000000
XMM[7]=0x0000000000000000 0x0000000000000000
XMM[8]=0x0000000000000000 0x0000000000000000
XMM[9]=0x0000000000000000 0x0000000000000000
XMM[10]=0x0000000000000000 0x0000000000000000
XMM[11]=0x0000000000000000 0x0000000000000000
XMM[12]=0x0000000000000000 0x0000000000000000
XMM[13]=0x0000000000000000 0x0000000000000000
XMM[14]=0x0000000000000000 0x0000000000000000
XMM[15]=0x0000000000000000 0x0000000000000000
  MXCSR=0x00001fa0


Register to memory mapping:

RAX=0x0000000000000010 is an unknown value
RBX=0x0 is null
RCX=0xffffffffffffffff is an unknown value
RDX=0x007ffa3c7e300010 is an unknown value
RSP=0x000000b4bd1feea0 is pointing into the stack for thread: 0x000001dd7f103f90
RBP=0x000001dd5b573750 points into unknown readable memory: 0x0000000712211580 | 80 15 21 12 07 00 00 00
RSI=0x000000b4bd1ff010 is pointing into the stack for thread: 0x000001dd7f103f90
RDI=0x000001dd5b573750 points into unknown readable memory: 0x0000000712211580 | 80 15 21 12 07 00 00 00
R8 =0x0000000000000042 is an unknown value
R9 =0x0000000712211580 is an oop: java.lang.Thread 
{0x0000000712211580} - klass: 'java/lang/Thread' - flags: 

 - ---- fields (total size 14 words):
 - 'threadLocalRandomProbe' 'I' @12  0 (0x00000000)
 - private volatile 'eetop' 'J' @16  2050644041056 (0x000001dd73e8dd60)
 - private final 'tid' 'J' @24  3 (0x0000000000000003)
 - 'threadLocalRandomSeed' 'J' @32  0 (0x0000000000000000)
 - injected 'jvmti_thread_state' 'J' @40  2050292129904 (0x000001dd5eef2070)
 - 'threadLocalRandomSecondarySeed' 'I' @48  0 (0x00000000)
 - injected 'jvmti_VTMS_transition_disable_count' 'I' @52  0 (0x00000000)
 - injected 'jfr_epoch' 'S' @56  0 (0x0000)
 - volatile 'interrupted' 'Z' @58  false (0x00)
 - injected 'jvmti_is_in_VTMS_transition' 'Z' @59  false (0x00)
 - private volatile 'name' 'Ljava/lang/String;' @60  "main"{0x00000007120c7c40} (0xe2418f88)
 - private volatile 'contextClassLoader' 'Ljava/lang/ClassLoader;' @64  a 'jdk/internal/loader/ClassLoaders$AppClassLoader'{0x0000000712250f98} (0xe244a1f3)
 - private final 'holder' 'Ljava/lang/Thread$FieldHolder;' @68  a 'java/lang/Thread$FieldHolder'{0x00000007120c7c70} (0xe2418f8e)
 - 'threadLocals' 'Ljava/lang/ThreadLocal$ThreadLocalMap;' @72  a 'java/lang/ThreadLocal$ThreadLocalMap'{0x00000007120c7c98} (0xe2418f93)
 - 'inheritableThreadLocals' 'Ljava/lang/ThreadLocal$ThreadLocalMap;' @76  null (0x00000000)
 - private 'scopedValueBindings' 'Ljava/lang/Object;' @80  a 'java/lang/Class'{0x00000007ffe7c258} = 'java/lang/Thread' (0xfffcf84b)
 - final 'interruptLock' 'Ljava/lang/Object;' @84  a 'java/lang/Object'{0x00000007120c7fc8} (0xe2418ff9)
 - private volatile 'parkBlocker' 'Ljava/lang/Object;' @88  a 'java/util/concurrent/CountDownLatch$Sync'{0x0000000712211560} (0xe24422ac)
 - private 'nioBlocker' 'Lsun/nio/ch/Interruptible;' @92  null (0x00000000)
 - private 'cont' 'Ljdk/internal/vm/Continuation;' @96  null (0x00000000)
 - private volatile 'uncaughtExceptionHandler' 'Ljava/lang/Thread$UncaughtExceptionHandler;' @100  null (0x00000000)
 - private 'container' 'Ljdk/internal/vm/ThreadContainer;' @104  null (0x00000000)
 - private volatile 'headStackableScopes' 'Ljdk/internal/vm/StackableScope;' @108  null (0x00000000)
R10=0x00007ffa3ca59fb0 jvm.dll
R11=0x0000000000000004 is an unknown value
R12=0x000000b4bd1ff010 is pointing into the stack for thread: 0x000001dd7f103f90
R13=0x000001dd5ee394b0 points into unknown readable memory: 0x00007ffa3c9ca510 | 10 a5 9c 3c fa 7f 00 00
R14=0x000001dd7f104358 points into unknown readable memory: 0x00007ffa3c9c17b0 | b0 17 9c 3c fa 7f 00 00
R15=0x000001dd7f104358 points into unknown readable memory: 0x00007ffa3c9c17b0 | b0 17 9c 3c fa 7f 00 00

Top of Stack: (sp=0x000000b4bd1feea0)
0x000000b4bd1feea0:   000000b4bd1ff010 000001dd5b573750   ........P7W[....
0x000000b4bd1feeb0:   0000000000000000 000001dd7f1046e0   .........F......
0x000000b4bd1feec0:   0000000000000039 00007ffa4bb634db   9........4.K....
0x000000b4bd1feed0:   0000000000000000 000001dd7f104358   ........XC......
0x000000b4bd1feee0:   000000b4bd1ff001 0000000000000000   ................
0x000000b4bd1feef0:   000001dd5b087860 00007ffa4bb62134   `x.[....4!.K....
0x000000b4bd1fef00:   0000000000000000 0000000000000039   ........9.......
0x000000b4bd1fef10:   0000000000000000 0000000000000039   ........9.......
0x000000b4bd1fef20:   0000001500000002 000001dd5b1a9dc0   ...........[....
0x000000b4bd1fef30:   000001dd5b087860 000001dd5b087944   `x.[....Dy.[....
0x000000b4bd1fef40:   000001dd5b08795c 0000000000004dc4   \y.[.....M......
0x000000b4bd1fef50:   0000000000000000 0000000000000000   ................
0x000000b4bd1fef60:   0000000000000000 00007ffa3c2257d4   .........W"<....
0x000000b4bd1fef70:   00007ffa4bcbae00 0000000000004b9c   ...K.....K......
0x000000b4bd1fef80:   00007ffa4bcbae00 00000000ffffffff   ...K............
0x000000b4bd1fef90:   0000000000000000 00007ffa4bb629aa   .........).K....
0x000000b4bd1fefa0:   000001dd7f104358 0000000000000000   XC..............
0x000000b4bd1fefb0:   000000b4bd1ff019 000001dd5ee394b0   ...........^....
0x000000b4bd1fefc0:   0000000000000004 0000000000000048   ........H.......
0x000000b4bd1fefd0:   0000000800800310 0000000000000020   ........ .......
0x000000b4bd1fefe0:   000001dd7f104358 00007ffa4bcbae00   XC.........K....
0x000000b4bd1feff0:   000001dd7f100030 000001dd5eef2070   0.......p .^....
0x000000b4bd1ff000:   0000000800800390 000001dd7f104358   ........XC......
0x000000b4bd1ff010:   000001dd5f6708a0 000001dd5f670fc0   ..g_......g_....
0x000000b4bd1ff020:   000001dd5f670fc0 00007ffa4bcbae00   ..g_.......K....
0x000000b4bd1ff030:   000001dd5a9bc5f8 000000b4bd1ff1a8   ...Z............
0x000000b4bd1ff040:   000000b4bd1ff2e0 0000000000008840   ........@.......
0x000000b4bd1ff050:   000000b4bd1ff4c0 00007ffa4bcbae50   ........P..K....
0x000000b4bd1ff060:   0000000000989680 0000000000989680   ................
0x000000b4bd1ff070:   000000b4bd1ff180 00007ffa4bb5d561   ........a..K....
0x000000b4bd1ff080:   00007ffa4bcbae00 00007ffa4bcbae58   ...K....X..K....
0x000000b4bd1ff090:   00007ffa00000000 00007ffa00000001   ................

Instructions: (pc=0x00007ffa4bb63004)
  0x00007ffa4bb62f04:   cc cc cc cc cc cc cc cc cc cc cc cc cc cc cc cc
  0x00007ffa4bb62f14:   cc cc cc cc cc cc cc cc cc cc cc cc cc cc cc cc
  0x00007ffa4bb62f24:   cc cc cc cc cc cc cc cc cc cc cc cc cc cc cc cc
  0x00007ffa4bb62f34:   cc cc cc cc cc cc cc cc cc cc cc cc cc cc cc cc
  0x00007ffa4bb62f44:   cc cc cc cc cc cc cc cc cc cc cc cc cc cc cc cc
  0x00007ffa4bb62f54:   cc cc cc cc cc cc cc cc cc cc cc cc cc cc cc cc
  0x00007ffa4bb62f64:   cc cc cc cc cc cc cc cc cc cc cc cc cc cc cc cc
  0x00007ffa4bb62f74:   cc cc cc cc cc cc cc cc cc cc cc cc cc cc cc cc
  0x00007ffa4bb62f84:   cc cc cc cc cc cc cc cc cc cc cc cc 40 57 48 83
  0x00007ffa4bb62f94:   ec 20 48 8b f9 48 8b 0d 30 80 15 00 48 85 c9 74
  0x00007ffa4bb62fa4:   20 48 8b 01 48 8d 54 24 38 41 b8 06 00 01 00 4c
  0x00007ffa4bb62fb4:   8b 48 30 41 ff d1 85 c0 75 07 48 8b 4c 24 38 eb
  0x00007ffa4bb62fc4:   02 33 c9 4c 8b 05 0a 81 15 00 48 89 5c 24 30 4d
  0x00007ffa4bb62fd4:   85 c0 74 4a 48 8b 01 48 8b d7 4c 8b 88 28 03 00
  0x00007ffa4bb62fe4:   00 41 ff d1 48 85 c0 74 35 48 63 0d b8 3d 15 00
  0x00007ffa4bb62ff4:   48 8b 14 01 48 85 d2 74 15 48 63 05 bc 3d 15 00
=>0x00007ffa4bb63004:   8b 04 10 48 8b 5c 24 30 48 83 c4 20 5f c3 b8 ff
  0x00007ffa4bb63014:   ff ff ff 48 8b 5c 24 30 48 83 c4 20 5f c3 80 3d
  0x00007ffa4bb63024:   bb 7f 15 00 00 bb ff ff ff ff 74 20 4c 8b 0d 51
  0x00007ffa4bb63034:   7c 15 00 4c 8d 44 24 38 48 8b 0d 35 7c 15 00 48
  0x00007ffa4bb63044:   8b d7 41 ff d1 85 c0 0f 44 5c 24 38 8b c3 48 8b
  0x00007ffa4bb63054:   5c 24 30 48 83 c4 20 5f c3 cc cc cc cc cc cc cc
  0x00007ffa4bb63064:   cc cc cc cc cc cc cc cc cc cc cc cc cc cc cc cc
  0x00007ffa4bb63074:   cc cc cc cc cc cc cc cc cc cc cc cc cc cc cc cc
  0x00007ffa4bb63084:   cc cc cc cc cc cc cc cc cc cc cc cc 48 89 54 24
  0x00007ffa4bb63094:   10 53 55 56 57 41 56 41 57 48 83 ec 28 48 8b f2
  0x00007ffa4bb630a4:   4c 8b f1 48 89 4c 24 78 45 33 ff 44 89 7c 24 68
  0x00007ffa4bb630b4:   c7 44 24 60 01 00 00 00 48 8d 4c 24 68 e8 69 3c
  0x00007ffa4bb630c4:   f7 ff 8b d8 48 8d 4c 24 60 e8 5d 3c f7 ff 8b e8
  0x00007ffa4bb630d4:   49 8b ce e8 33 f3 f6 ff 48 8b f8 90 8b c3 f0 0f
  0x00007ffa4bb630e4:   b1 2f 74 04 f3 90 eb f4 4c 89 3e 4c 89 7e 08 4c
  0x00007ffa4bb630f4:   89 7e 10 49 8b 6e 08 4d 8b 76 10 49 3b ee 0f 84


Stack slot to memory mapping:

stack at sp + 0 slots: 0x000000b4bd1ff010 is pointing into the stack for thread: 0x000001dd7f103f90
stack at sp + 1 slots: 0x000001dd5b573750 points into unknown readable memory: 0x0000000712211580 | 80 15 21 12 07 00 00 00
stack at sp + 2 slots: 0x0 is null
stack at sp + 3 slots: 0x000001dd7f1046e0 points into unknown readable memory: 0x6e616c2e6176616a | 6a 61 76 61 2e 6c 61 6e
stack at sp + 4 slots: 0x0000000000000039 is an unknown value
stack at sp + 5 slots: 0x00007ffa4bb634db points into unknown readable memory: 44 8b d8 83 f8
stack at sp + 6 slots: 0x0 is null
stack at sp + 7 slots: 0x000001dd7f104358 points into unknown readable memory: 0x00007ffa3c9c17b0 | b0 17 9c 3c fa 7f 00 00

Lock stack of current Java thread (top to bottom):


---------------  P R O C E S S  ---------------

Threads class SMR info:
_java_thread_list=0x000001dd5bb1ba50, length=31, elements={
0x000001dd73e8dd60, 0x000001dd7f0fa830, 0x000001dd7f0fb170, 0x000001dd7f1030b0,
0x000001dd7f103f90, 0x000001dd7f104ac0, 0x000001dd7f1055f0, 0x000001dd7f10a5e0,
0x000001dd7f10e0c0, 0x000001dd5a09d340, 0x000001dd5ab5b320, 0x000001dd5b030280,
0x000001dd5a5669b0, 0x000001dd5a7edbb0, 0x000001dd5a843e90, 0x000001dd5b78db40,
0x000001dd5aa3fcc0, 0x000001dd5b8a4e90, 0x000001dd5b891810, 0x000001dd5eb60480,
0x000001dd5eb621c0, 0x000001dd5eb63060, 0x000001dd5eb5fd30, 0x000001dd5a105fc0,
0x000001dd5abe2a30, 0x000001dd5eb61320, 0x000001dd5a23b5b0, 0x000001dd5a5ed480,
0x000001dd5a1f1a30, 0x000001dd5b1b74a0, 0x000001dd5ae8f2c0
}

Java Threads: ( => current thread )
  0x000001dd73e8dd60 JavaThread "main"                              [_thread_blocked, id=25220, stack(0x000000b4bc600000,0x000000b4bc700000) (1024K)]
  0x000001dd7f0fa830 JavaThread "Reference Handler"          daemon [_thread_blocked, id=6872, stack(0x000000b4bce00000,0x000000b4bcf00000) (1024K)]
  0x000001dd7f0fb170 JavaThread "Finalizer"                  daemon [_thread_blocked, id=10556, stack(0x000000b4bcf00000,0x000000b4bd000000) (1024K)]
  0x000001dd7f1030b0 JavaThread "Signal Dispatcher"          daemon [_thread_blocked, id=26444, stack(0x000000b4bd000000,0x000000b4bd100000) (1024K)]
=>0x000001dd7f103f90 JavaThread "Attach Listener"            daemon [_thread_in_native, id=10600, stack(0x000000b4bd100000,0x000000b4bd200000) (1024K)]
  0x000001dd7f104ac0 JavaThread "Service Thread"             daemon [_thread_blocked, id=27804, stack(0x000000b4bd200000,0x000000b4bd300000) (1024K)]
  0x000001dd7f1055f0 JavaThread "Monitor Deflation Thread"   daemon [_thread_blocked, id=28536, stack(0x000000b4bd300000,0x000000b4bd400000) (1024K)]
  0x000001dd7f10a5e0 JavaThread "C2 CompilerThread0"         daemon [_thread_blocked, id=25984, stack(0x000000b4bd400000,0x000000b4bd500000) (1024K)]
  0x000001dd7f10e0c0 JavaThread "C1 CompilerThread0"         daemon [_thread_blocked, id=26896, stack(0x000000b4bd500000,0x000000b4bd600000) (1024K)]
  0x000001dd5a09d340 JavaThread "Common-Cleaner"             daemon [_thread_blocked, id=6648, stack(0x000000b4bd600000,0x000000b4bd700000) (1024K)]
  0x000001dd5ab5b320 JavaThread "Monitor Ctrl-Break"         daemon [_thread_in_native, id=1004, stack(0x000000b4bdf00000,0x000000b4be000000) (1024K)]
  0x000001dd5b030280 JavaThread "Notification Thread"        daemon [_thread_blocked, id=3216, stack(0x000000b4be000000,0x000000b4be100000) (1024K)]
  0x000001dd5a5669b0 JavaThread "QuantumRenderer-0"          daemon [_thread_blocked, id=28104, stack(0x000000b4be100000,0x000000b4be200000) (1024K)]
  0x000001dd5a7edbb0 JavaThread "RMI TCP Accept-0"           daemon [_thread_in_native, id=26956, stack(0x000000b4be200000,0x000000b4be300000) (1024K)]
  0x000001dd5a843e90 JavaThread "RMI TCP Connection(1)-10.203.126.140" daemon [_thread_in_native, id=19896, stack(0x000000b4be300000,0x000000b4be400000) (1024K)]
  0x000001dd5b78db40 JavaThread "RMI Scheduler(0)"           daemon [_thread_blocked, id=12804, stack(0x000000b4be400000,0x000000b4be500000) (1024K)]
  0x000001dd5aa3fcc0 JavaThread "JMX server connection timeout 41" daemon [_thread_blocked, id=27828, stack(0x000000b4bde00000,0x000000b4bdf00000) (1024K)]
  0x000001dd5b8a4e90 JavaThread "InvokeLaterDispatcher"      daemon [_thread_blocked, id=26392, stack(0x000000b4bd900000,0x000000b4bda00000) (1024K)]
  0x000001dd5b891810 JavaThread "JavaFX Application Thread"         [_thread_in_native, id=11844, stack(0x000000b4bda00000,0x000000b4bdb00000) (1024K)]
  0x000001dd5eb60480 JavaThread "Thread-1"                   daemon [_thread_in_native, id=29208, stack(0x000000b4bdd00000,0x000000b4bde00000) (1024K)]
  0x000001dd5eb621c0 JavaThread "JavaFX-Launcher"                   [_thread_blocked, id=27628, stack(0x000000b4be900000,0x000000b4bea00000) (1024K)]
  0x000001dd5eb63060 JavaThread "Prism Font Disposer"        daemon [_thread_blocked, id=28272, stack(0x000000b4bf100000,0x000000b4bf200000) (1024K)]
  0x000001dd5eb5fd30 JavaThread "Cleaner-0"                  daemon [_thread_blocked, id=20652, stack(0x000000b4bf500000,0x000000b4bf600000) (1024K)]
  0x000001dd5a105fc0 JavaThread "C2 CompilerThread1"         daemon [_thread_blocked, id=30340, stack(0x000000b4bd700000,0x000000b4bd800000) (1024K)]
  0x000001dd5abe2a30 JavaThread "C2 CompilerThread2"         daemon [_thread_blocked, id=26704, stack(0x000000b4bd800000,0x000000b4bd900000) (1024K)]
  0x000001dd5eb61320 JavaThread "JFR Recorder Thread"        daemon [_thread_in_native, id=30440, stack(0x000000b4bdb00000,0x000000b4bdc00000) (1024K)]
  0x000001dd5a23b5b0 JavaThread "C1 CompilerThread1"         daemon [_thread_blocked, id=10848, stack(0x000000b4bf600000,0x000000b4bf700000) (1024K)]
  0x000001dd5a5ed480 JavaThread "C1 CompilerThread2"         daemon [_thread_blocked, id=19712, stack(0x000000b4bf700000,0x000000b4bf800000) (1024K)]
  0x000001dd5a1f1a30 JavaThread "C2 CompilerThread3"         daemon [_thread_blocked, id=22276, stack(0x000000b4bf800000,0x000000b4bf900000) (1024K)]
  0x000001dd5b1b74a0 JavaThread "C2 CompilerThread4"         daemon [_thread_blocked, id=4848, stack(0x000000b4bf900000,0x000000b4bfa00000) (1024K)]
  0x000001dd5ae8f2c0 JavaThread "JFR Periodic Tasks"         daemon [_thread_blocked, id=19908, stack(0x000000b4bfa00000,0x000000b4bfb00000) (1024K)]
Total: 31

Other Threads:
  0x000001dd7f0e0f90 VMThread "VM Thread"                           [id=14328, stack(0x000000b4bcd00000,0x000000b4bce00000) (1024K)]
  0x000001dd7f0d3c20 WatcherThread "VM Periodic Task Thread"        [id=28624, stack(0x000000b4bcc00000,0x000000b4bcd00000) (1024K)]
  0x000001dd73ef6760 WorkerThread "GC Thread#0"                     [id=26532, stack(0x000000b4bc700000,0x000000b4bc800000) (1024K)]
  0x000001dd5b94f030 WorkerThread "GC Thread#1"                     [id=29428, stack(0x000000b4bea00000,0x000000b4beb00000) (1024K)]
  0x000001dd5edf1f40 WorkerThread "GC Thread#2"                     [id=12764, stack(0x000000b4beb00000,0x000000b4bec00000) (1024K)]
  0x000001dd5edf0920 WorkerThread "GC Thread#3"                     [id=13076, stack(0x000000b4bec00000,0x000000b4bed00000) (1024K)]
  0x000001dd5edf0570 WorkerThread "GC Thread#4"                     [id=28936, stack(0x000000b4bed00000,0x000000b4bee00000) (1024K)]
  0x000001dd5edf0cd0 WorkerThread "GC Thread#5"                     [id=18088, stack(0x000000b4bee00000,0x000000b4bef00000) (1024K)]
  0x000001dd5edf2a50 WorkerThread "GC Thread#6"                     [id=16644, stack(0x000000b4bef00000,0x000000b4bf000000) (1024K)]
  0x000001dd5edf1080 WorkerThread "GC Thread#7"                     [id=19192, stack(0x000000b4bf000000,0x000000b4bf100000) (1024K)]
  0x000001dd73f0afe0 ConcurrentGCThread "G1 Main Marker"            [id=308, stack(0x000000b4bc800000,0x000000b4bc900000) (1024K)]
  0x000001dd73f0ba00 WorkerThread "G1 Conc#0"                       [id=27264, stack(0x000000b4bc900000,0x000000b4bca00000) (1024K)]
  0x000001dd7ef902d0 ConcurrentGCThread "G1 Refine#0"               [id=29520, stack(0x000000b4bca00000,0x000000b4bcb00000) (1024K)]
  0x000001dd7ef90c60 ConcurrentGCThread "G1 Service"                [id=26088, stack(0x000000b4bcb00000,0x000000b4bcc00000) (1024K)]
Total: 14

Threads with active compile tasks:
Total: 0

VM state: not at safepoint (normal execution)

VM Mutex/Monitor currently owned by a thread: None

Heap address: 0x0000000705800000, size: 4008 MB, Compressed Oops mode: Zero based, Oop shift amount: 3

CDS archive(s) mapped at: [0x000001dd15000000-0x000001dd15d40000-0x000001dd15d40000), size 13893632, SharedBaseAddress: 0x000001dd15000000, ArchiveRelocationMode: 1.
Compressed class space mapped at: 0x000001dd16000000-0x000001dd56000000, reserved size: 1073741824
UseCompressedClassPointers 1, UseCompactObjectHeaders 0
Narrow klass pointer bits 32, Max shift 3
Narrow klass base: 0x000001dd15000000, Narrow klass shift: 0
Encoding Range: [0x000001dd15000000 - 0x000001de15000000), (4294967296 bytes)
Klass Range:    [0x000001dd15000000 - 0x000001dd56000000), (1090519040 bytes)
Klass ID Range:  [8 - 1090519033) (1090519025)

GC Precious Log:
 CardTable entry size: 512
 Card Set container configuration: InlinePtr #cards 4 size 8 Array Of Cards #cards 16 size 48 Howl #buckets 8 coarsen threshold 3686 Howl Bitmap #cards 512 size 80 coarsen threshold 460 Card regions per heap region 1 cards per card region 4096
 CPUs: 16 total, 16 available
 Memory: 16024M
 Large Page Support: Disabled
 NUMA Support: Disabled
 Compressed Oops: Enabled (Zero based)
 Heap Region Size: 2M
 Heap Min Capacity: 8M
 Heap Initial Capacity: 252M
 Heap Max Capacity: 4008M
 Pre-touch: Disabled
 Parallel Workers: 13
 Concurrent Workers: 3
 Concurrent Refinement Workers: 13
 Periodic GC: Disabled

Heap:
 garbage-first heap   total reserved 4104192K, committed 260096K, used 59173K [0x0000000705800000, 0x0000000800000000)
  region size 2048K, 30 young (61440K), 3 survivors (6144K)
 Metaspace       used 20039K, committed 20352K, reserved 1114112K
  class space    used 2395K, committed 2560K, reserved 1048576K

Heap Regions: E=young(eden), S=young(survivor), O=old, HS=humongous(starts), HC=humongous(continues), CS=collection set, F=free, TAMS=top-at-mark-start, PB=parsable bottom
|   0|0x0000000705800000, 0x0000000705a00000, 0x0000000705a00000|100%|HS|  |TAMS 0x0000000705800000| PB 0x0000000705800000| Complete |  0
|   1|0x0000000705a00000, 0x0000000705a00000, 0x0000000705c00000|  0%| F|  |TAMS 0x0000000705a00000| PB 0x0000000705a00000| Untracked |  0
|   2|0x0000000705c00000, 0x0000000705c00000, 0x0000000705e00000|  0%| F|  |TAMS 0x0000000705c00000| PB 0x0000000705c00000| Untracked |  0
|   3|0x0000000705e00000, 0x0000000705e00000, 0x0000000706000000|  0%| F|  |TAMS 0x0000000705e00000| PB 0x0000000705e00000| Untracked |  0
|   4|0x0000000706000000, 0x0000000706000000, 0x0000000706200000|  0%| F|  |TAMS 0x0000000706000000| PB 0x0000000706000000| Untracked |  0
|   5|0x0000000706200000, 0x0000000706200000, 0x0000000706400000|  0%| F|  |TAMS 0x0000000706200000| PB 0x0000000706200000| Untracked |  0
|   6|0x0000000706400000, 0x0000000706400000, 0x0000000706600000|  0%| F|  |TAMS 0x0000000706400000| PB 0x0000000706400000| Untracked |  0
|   7|0x0000000706600000, 0x0000000706600000, 0x0000000706800000|  0%| F|  |TAMS 0x0000000706600000| PB 0x0000000706600000| Untracked |  0
|   8|0x0000000706800000, 0x0000000706800000, 0x0000000706a00000|  0%| F|  |TAMS 0x0000000706800000| PB 0x0000000706800000| Untracked |  0
|   9|0x0000000706a00000, 0x0000000706a00000, 0x0000000706c00000|  0%| F|  |TAMS 0x0000000706a00000| PB 0x0000000706a00000| Untracked |  0
|  10|0x0000000706c00000, 0x0000000706c00000, 0x0000000706e00000|  0%| F|  |TAMS 0x0000000706c00000| PB 0x0000000706c00000| Untracked |  0
|  11|0x0000000706e00000, 0x0000000706e00000, 0x0000000707000000|  0%| F|  |TAMS 0x0000000706e00000| PB 0x0000000706e00000| Untracked |  0
|  12|0x0000000707000000, 0x0000000707000000, 0x0000000707200000|  0%| F|  |TAMS 0x0000000707000000| PB 0x0000000707000000| Untracked |  0
|  13|0x0000000707200000, 0x0000000707200000, 0x0000000707400000|  0%| F|  |TAMS 0x0000000707200000| PB 0x0000000707200000| Untracked |  0
|  14|0x0000000707400000, 0x0000000707400000, 0x0000000707600000|  0%| F|  |TAMS 0x0000000707400000| PB 0x0000000707400000| Untracked |  0
|  15|0x0000000707600000, 0x0000000707600000, 0x0000000707800000|  0%| F|  |TAMS 0x0000000707600000| PB 0x0000000707600000| Untracked |  0
|  16|0x0000000707800000, 0x0000000707800000, 0x0000000707a00000|  0%| F|  |TAMS 0x0000000707800000| PB 0x0000000707800000| Untracked |  0
|  17|0x0000000707a00000, 0x0000000707a00000, 0x0000000707c00000|  0%| F|  |TAMS 0x0000000707a00000| PB 0x0000000707a00000| Untracked |  0
|  18|0x0000000707c00000, 0x0000000707c00000, 0x0000000707e00000|  0%| F|  |TAMS 0x0000000707c00000| PB 0x0000000707c00000| Untracked |  0
|  19|0x0000000707e00000, 0x0000000707e00000, 0x0000000708000000|  0%| F|  |TAMS 0x0000000707e00000| PB 0x0000000707e00000| Untracked |  0
|  20|0x0000000708000000, 0x0000000708000000, 0x0000000708200000|  0%| F|  |TAMS 0x0000000708000000| PB 0x0000000708000000| Untracked |  0
|  21|0x0000000708200000, 0x0000000708200000, 0x0000000708400000|  0%| F|  |TAMS 0x0000000708200000| PB 0x0000000708200000| Untracked |  0
|  22|0x0000000708400000, 0x0000000708400000, 0x0000000708600000|  0%| F|  |TAMS 0x0000000708400000| PB 0x0000000708400000| Untracked |  0
|  23|0x0000000708600000, 0x0000000708600000, 0x0000000708800000|  0%| F|  |TAMS 0x0000000708600000| PB 0x0000000708600000| Untracked |  0
|  24|0x0000000708800000, 0x0000000708800000, 0x0000000708a00000|  0%| F|  |TAMS 0x0000000708800000| PB 0x0000000708800000| Untracked |  0
|  25|0x0000000708a00000, 0x0000000708a00000, 0x0000000708c00000|  0%| F|  |TAMS 0x0000000708a00000| PB 0x0000000708a00000| Untracked |  0
|  26|0x0000000708c00000, 0x0000000708c00000, 0x0000000708e00000|  0%| F|  |TAMS 0x0000000708c00000| PB 0x0000000708c00000| Untracked |  0
|  27|0x0000000708e00000, 0x0000000708e00000, 0x0000000709000000|  0%| F|  |TAMS 0x0000000708e00000| PB 0x0000000708e00000| Untracked |  0
|  28|0x0000000709000000, 0x0000000709000000, 0x0000000709200000|  0%| F|  |TAMS 0x0000000709000000| PB 0x0000000709000000| Untracked |  0
|  29|0x0000000709200000, 0x0000000709200000, 0x0000000709400000|  0%| F|  |TAMS 0x0000000709200000| PB 0x0000000709200000| Untracked |  0
|  30|0x0000000709400000, 0x0000000709400000, 0x0000000709600000|  0%| F|  |TAMS 0x0000000709400000| PB 0x0000000709400000| Untracked |  0
|  31|0x0000000709600000, 0x0000000709600000, 0x0000000709800000|  0%| F|  |TAMS 0x0000000709600000| PB 0x0000000709600000| Untracked |  0
|  32|0x0000000709800000, 0x0000000709800000, 0x0000000709a00000|  0%| F|  |TAMS 0x0000000709800000| PB 0x0000000709800000| Untracked |  0
|  33|0x0000000709a00000, 0x0000000709a00000, 0x0000000709c00000|  0%| F|  |TAMS 0x0000000709a00000| PB 0x0000000709a00000| Untracked |  0
|  34|0x0000000709c00000, 0x0000000709c00000, 0x0000000709e00000|  0%| F|  |TAMS 0x0000000709c00000| PB 0x0000000709c00000| Untracked |  0
|  35|0x0000000709e00000, 0x0000000709e00000, 0x000000070a000000|  0%| F|  |TAMS 0x0000000709e00000| PB 0x0000000709e00000| Untracked |  0
|  36|0x000000070a000000, 0x000000070a000000, 0x000000070a200000|  0%| F|  |TAMS 0x000000070a000000| PB 0x000000070a000000| Untracked |  0
|  37|0x000000070a200000, 0x000000070a200000, 0x000000070a400000|  0%| F|  |TAMS 0x000000070a200000| PB 0x000000070a200000| Untracked |  0
|  38|0x000000070a400000, 0x000000070a400000, 0x000000070a600000|  0%| F|  |TAMS 0x000000070a400000| PB 0x000000070a400000| Untracked |  0
|  39|0x000000070a600000, 0x000000070a600000, 0x000000070a800000|  0%| F|  |TAMS 0x000000070a600000| PB 0x000000070a600000| Untracked |  0
|  40|0x000000070a800000, 0x000000070a800000, 0x000000070aa00000|  0%| F|  |TAMS 0x000000070a800000| PB 0x000000070a800000| Untracked |  0
|  41|0x000000070aa00000, 0x000000070aa00000, 0x000000070ac00000|  0%| F|  |TAMS 0x000000070aa00000| PB 0x000000070aa00000| Untracked |  0
|  42|0x000000070ac00000, 0x000000070ac00000, 0x000000070ae00000|  0%| F|  |TAMS 0x000000070ac00000| PB 0x000000070ac00000| Untracked |  0
|  43|0x000000070ae00000, 0x000000070ae00000, 0x000000070b000000|  0%| F|  |TAMS 0x000000070ae00000| PB 0x000000070ae00000| Untracked |  0
|  44|0x000000070b000000, 0x000000070b000000, 0x000000070b200000|  0%| F|  |TAMS 0x000000070b000000| PB 0x000000070b000000| Untracked |  0
|  45|0x000000070b200000, 0x000000070b200000, 0x000000070b400000|  0%| F|  |TAMS 0x000000070b200000| PB 0x000000070b200000| Untracked |  0
|  46|0x000000070b400000, 0x000000070b400000, 0x000000070b600000|  0%| F|  |TAMS 0x000000070b400000| PB 0x000000070b400000| Untracked |  0
|  47|0x000000070b600000, 0x000000070b600000, 0x000000070b800000|  0%| F|  |TAMS 0x000000070b600000| PB 0x000000070b600000| Untracked |  0
|  48|0x000000070b800000, 0x000000070b800000, 0x000000070ba00000|  0%| F|  |TAMS 0x000000070b800000| PB 0x000000070b800000| Untracked |  0
|  49|0x000000070ba00000, 0x000000070ba00000, 0x000000070bc00000|  0%| F|  |TAMS 0x000000070ba00000| PB 0x000000070ba00000| Untracked |  0
|  50|0x000000070bc00000, 0x000000070bc00000, 0x000000070be00000|  0%| F|  |TAMS 0x000000070bc00000| PB 0x000000070bc00000| Untracked |  0
|  51|0x000000070be00000, 0x000000070be00000, 0x000000070c000000|  0%| F|  |TAMS 0x000000070be00000| PB 0x000000070be00000| Untracked |  0
|  52|0x000000070c000000, 0x000000070c000000, 0x000000070c200000|  0%| F|  |TAMS 0x000000070c000000| PB 0x000000070c000000| Untracked |  0
|  53|0x000000070c200000, 0x000000070c200000, 0x000000070c400000|  0%| F|  |TAMS 0x000000070c200000| PB 0x000000070c200000| Untracked |  0
|  54|0x000000070c400000, 0x000000070c400000, 0x000000070c600000|  0%| F|  |TAMS 0x000000070c400000| PB 0x000000070c400000| Untracked |  0
|  55|0x000000070c600000, 0x000000070c600000, 0x000000070c800000|  0%| F|  |TAMS 0x000000070c600000| PB 0x000000070c600000| Untracked |  0
|  56|0x000000070c800000, 0x000000070c800000, 0x000000070ca00000|  0%| F|  |TAMS 0x000000070c800000| PB 0x000000070c800000| Untracked |  0
|  57|0x000000070ca00000, 0x000000070ca00000, 0x000000070cc00000|  0%| F|  |TAMS 0x000000070ca00000| PB 0x000000070ca00000| Untracked |  0
|  58|0x000000070cc00000, 0x000000070cc00000, 0x000000070ce00000|  0%| F|  |TAMS 0x000000070cc00000| PB 0x000000070cc00000| Untracked |  0
|  59|0x000000070ce00000, 0x000000070ce00000, 0x000000070d000000|  0%| F|  |TAMS 0x000000070ce00000| PB 0x000000070ce00000| Untracked |  0
|  60|0x000000070d000000, 0x000000070d000000, 0x000000070d200000|  0%| F|  |TAMS 0x000000070d000000| PB 0x000000070d000000| Untracked |  0
|  61|0x000000070d200000, 0x000000070d200000, 0x000000070d400000|  0%| F|  |TAMS 0x000000070d200000| PB 0x000000070d200000| Untracked |  0
|  62|0x000000070d400000, 0x000000070d400000, 0x000000070d600000|  0%| F|  |TAMS 0x000000070d400000| PB 0x000000070d400000| Untracked |  0
|  63|0x000000070d600000, 0x000000070d600000, 0x000000070d800000|  0%| F|  |TAMS 0x000000070d600000| PB 0x000000070d600000| Untracked |  0
|  64|0x000000070d800000, 0x000000070d800000, 0x000000070da00000|  0%| F|  |TAMS 0x000000070d800000| PB 0x000000070d800000| Untracked |  0
|  65|0x000000070da00000, 0x000000070da00000, 0x000000070dc00000|  0%| F|  |TAMS 0x000000070da00000| PB 0x000000070da00000| Untracked |  0
|  66|0x000000070dc00000, 0x000000070dc00000, 0x000000070de00000|  0%| F|  |TAMS 0x000000070dc00000| PB 0x000000070dc00000| Untracked |  0
|  67|0x000000070de00000, 0x000000070de00000, 0x000000070e000000|  0%| F|  |TAMS 0x000000070de00000| PB 0x000000070de00000| Untracked |  0
|  68|0x000000070e000000, 0x000000070e000000, 0x000000070e200000|  0%| F|  |TAMS 0x000000070e000000| PB 0x000000070e000000| Untracked |  0
|  69|0x000000070e200000, 0x000000070e200000, 0x000000070e400000|  0%| F|  |TAMS 0x000000070e200000| PB 0x000000070e200000| Untracked |  0
|  70|0x000000070e400000, 0x000000070e400000, 0x000000070e600000|  0%| F|  |TAMS 0x000000070e400000| PB 0x000000070e400000| Untracked |  0
|  71|0x000000070e600000, 0x000000070e600000, 0x000000070e800000|  0%| F|  |TAMS 0x000000070e600000| PB 0x000000070e600000| Untracked |  0
|  72|0x000000070e800000, 0x000000070e800000, 0x000000070ea00000|  0%| F|  |TAMS 0x000000070e800000| PB 0x000000070e800000| Untracked |  0
|  73|0x000000070ea00000, 0x000000070ea00000, 0x000000070ec00000|  0%| F|  |TAMS 0x000000070ea00000| PB 0x000000070ea00000| Untracked |  0
|  74|0x000000070ec00000, 0x000000070ec00000, 0x000000070ee00000|  0%| F|  |TAMS 0x000000070ec00000| PB 0x000000070ec00000| Untracked |  0
|  75|0x000000070ee00000, 0x000000070ee00000, 0x000000070f000000|  0%| F|  |TAMS 0x000000070ee00000| PB 0x000000070ee00000| Untracked |  0
|  76|0x000000070f000000, 0x000000070f000000, 0x000000070f200000|  0%| F|  |TAMS 0x000000070f000000| PB 0x000000070f000000| Untracked |  0
|  77|0x000000070f200000, 0x000000070f200000, 0x000000070f400000|  0%| F|  |TAMS 0x000000070f200000| PB 0x000000070f200000| Untracked |  0
|  78|0x000000070f400000, 0x000000070f400000, 0x000000070f600000|  0%| F|  |TAMS 0x000000070f400000| PB 0x000000070f400000| Untracked |  0
|  79|0x000000070f600000, 0x000000070f600000, 0x000000070f800000|  0%| F|  |TAMS 0x000000070f600000| PB 0x000000070f600000| Untracked |  0
|  80|0x000000070f800000, 0x000000070f800000, 0x000000070fa00000|  0%| F|  |TAMS 0x000000070f800000| PB 0x000000070f800000| Untracked |  0
|  81|0x000000070fa00000, 0x000000070fa00000, 0x000000070fc00000|  0%| F|  |TAMS 0x000000070fa00000| PB 0x000000070fa00000| Untracked |  0
|  82|0x000000070fc00000, 0x000000070fc00000, 0x000000070fe00000|  0%| F|  |TAMS 0x000000070fc00000| PB 0x000000070fc00000| Untracked |  0
|  83|0x000000070fe00000, 0x000000070fe00000, 0x0000000710000000|  0%| F|  |TAMS 0x000000070fe00000| PB 0x000000070fe00000| Untracked |  0
|  84|0x0000000710000000, 0x0000000710000000, 0x0000000710200000|  0%| F|  |TAMS 0x0000000710000000| PB 0x0000000710000000| Untracked |  0
|  85|0x0000000710200000, 0x0000000710200000, 0x0000000710400000|  0%| F|  |TAMS 0x0000000710200000| PB 0x0000000710200000| Untracked |  0
|  86|0x0000000710400000, 0x0000000710400000, 0x0000000710600000|  0%| F|  |TAMS 0x0000000710400000| PB 0x0000000710400000| Untracked |  0
|  87|0x0000000710600000, 0x0000000710600000, 0x0000000710800000|  0%| F|  |TAMS 0x0000000710600000| PB 0x0000000710600000| Untracked |  0
|  88|0x0000000710800000, 0x0000000710800000, 0x0000000710a00000|  0%| F|  |TAMS 0x0000000710800000| PB 0x0000000710800000| Untracked |  0
|  89|0x0000000710a00000, 0x0000000710a00000, 0x0000000710c00000|  0%| F|  |TAMS 0x0000000710a00000| PB 0x0000000710a00000| Untracked |  0
|  90|0x0000000710c00000, 0x0000000710c00000, 0x0000000710e00000|  0%| F|  |TAMS 0x0000000710c00000| PB 0x0000000710c00000| Untracked |  0
|  91|0x0000000710e00000, 0x0000000710e00000, 0x0000000711000000|  0%| F|  |TAMS 0x0000000710e00000| PB 0x0000000710e00000| Untracked |  0
|  92|0x0000000711000000, 0x0000000711000000, 0x0000000711200000|  0%| F|  |TAMS 0x0000000711000000| PB 0x0000000711000000| Untracked |  0
|  93|0x0000000711200000, 0x0000000711200000, 0x0000000711400000|  0%| F|  |TAMS 0x0000000711200000| PB 0x0000000711200000| Untracked |  0
|  94|0x0000000711400000, 0x0000000711400000, 0x0000000711600000|  0%| F|  |TAMS 0x0000000711400000| PB 0x0000000711400000| Untracked |  0
|  95|0x0000000711600000, 0x0000000711600000, 0x0000000711800000|  0%| F|  |TAMS 0x0000000711600000| PB 0x0000000711600000| Untracked |  0
|  96|0x0000000711800000, 0x00000007119b8468, 0x0000000711a00000| 85%| E|  |TAMS 0x0000000711800000| PB 0x0000000711800000| Complete |  0
|  97|0x0000000711a00000, 0x0000000711c00000, 0x0000000711c00000|100%| E|CS|TAMS 0x0000000711a00000| PB 0x0000000711a00000| Complete |  0
|  98|0x0000000711c00000, 0x0000000711e00000, 0x0000000711e00000|100%| E|CS|TAMS 0x0000000711c00000| PB 0x0000000711c00000| Complete |  0
|  99|0x0000000711e00000, 0x0000000711ead520, 0x0000000712000000| 33%| S|CS|TAMS 0x0000000711e00000| PB 0x0000000711e00000| Complete |  0
| 100|0x0000000712000000, 0x0000000712200000, 0x0000000712200000|100%| S|CS|TAMS 0x0000000712000000| PB 0x0000000712000000| Complete |  0
| 101|0x0000000712200000, 0x0000000712400000, 0x0000000712400000|100%| S|CS|TAMS 0x0000000712200000| PB 0x0000000712200000| Complete |  0
| 102|0x0000000712400000, 0x0000000712600000, 0x0000000712600000|100%| E|CS|TAMS 0x0000000712400000| PB 0x0000000712400000| Complete |  0
| 103|0x0000000712600000, 0x0000000712800000, 0x0000000712800000|100%| E|CS|TAMS 0x0000000712600000| PB 0x0000000712600000| Complete |  0
| 104|0x0000000712800000, 0x0000000712a00000, 0x0000000712a00000|100%| E|CS|TAMS 0x0000000712800000| PB 0x0000000712800000| Complete |  0
| 105|0x0000000712a00000, 0x0000000712c00000, 0x0000000712c00000|100%| E|CS|TAMS 0x0000000712a00000| PB 0x0000000712a00000| Complete |  0
| 106|0x0000000712c00000, 0x0000000712e00000, 0x0000000712e00000|100%| E|CS|TAMS 0x0000000712c00000| PB 0x0000000712c00000| Complete |  0
| 107|0x0000000712e00000, 0x0000000713000000, 0x0000000713000000|100%| E|CS|TAMS 0x0000000712e00000| PB 0x0000000712e00000| Complete |  1
| 108|0x0000000713000000, 0x0000000713200000, 0x0000000713200000|100%| E|  |TAMS 0x0000000713000000| PB 0x0000000713000000| Complete |  0
| 109|0x0000000713200000, 0x0000000713400000, 0x0000000713400000|100%| E|CS|TAMS 0x0000000713200000| PB 0x0000000713200000| Complete |  0
| 110|0x0000000713400000, 0x0000000713600000, 0x0000000713600000|100%| E|CS|TAMS 0x0000000713400000| PB 0x0000000713400000| Complete |  0
| 111|0x0000000713600000, 0x0000000713800000, 0x0000000713800000|100%| E|CS|TAMS 0x0000000713600000| PB 0x0000000713600000| Complete |  0
| 112|0x0000000713800000, 0x0000000713a00000, 0x0000000713a00000|100%| E|CS|TAMS 0x0000000713800000| PB 0x0000000713800000| Complete |  0
| 113|0x0000000713a00000, 0x0000000713c00000, 0x0000000713c00000|100%| E|CS|TAMS 0x0000000713a00000| PB 0x0000000713a00000| Complete |  0
| 114|0x0000000713c00000, 0x0000000713e00000, 0x0000000713e00000|100%| E|CS|TAMS 0x0000000713c00000| PB 0x0000000713c00000| Complete |  0
| 115|0x0000000713e00000, 0x0000000714000000, 0x0000000714000000|100%| E|CS|TAMS 0x0000000713e00000| PB 0x0000000713e00000| Complete |  0
| 116|0x0000000714000000, 0x0000000714200000, 0x0000000714200000|100%| E|CS|TAMS 0x0000000714000000| PB 0x0000000714000000| Complete |  0
| 117|0x0000000714200000, 0x0000000714400000, 0x0000000714400000|100%| E|CS|TAMS 0x0000000714200000| PB 0x0000000714200000| Complete |  0
| 118|0x0000000714400000, 0x0000000714600000, 0x0000000714600000|100%| E|CS|TAMS 0x0000000714400000| PB 0x0000000714400000| Complete |  0
| 119|0x0000000714600000, 0x0000000714800000, 0x0000000714800000|100%| E|CS|TAMS 0x0000000714600000| PB 0x0000000714600000| Complete |  0
| 120|0x0000000714800000, 0x0000000714a00000, 0x0000000714a00000|100%| E|CS|TAMS 0x0000000714800000| PB 0x0000000714800000| Complete |  0
| 121|0x0000000714a00000, 0x0000000714c00000, 0x0000000714c00000|100%| E|CS|TAMS 0x0000000714a00000| PB 0x0000000714a00000| Complete |  0
| 122|0x0000000714c00000, 0x0000000714e00000, 0x0000000714e00000|100%| E|CS|TAMS 0x0000000714c00000| PB 0x0000000714c00000| Complete |  0
| 123|0x0000000714e00000, 0x0000000715000000, 0x0000000715000000|100%| E|CS|TAMS 0x0000000714e00000| PB 0x0000000714e00000| Complete |  0
| 124|0x0000000715000000, 0x0000000715200000, 0x0000000715200000|100%| E|CS|TAMS 0x0000000715000000| PB 0x0000000715000000| Complete |  0
| 125|0x0000000715200000, 0x0000000715400000, 0x0000000715400000|100%| E|CS|TAMS 0x0000000715200000| PB 0x0000000715200000| Complete |  0
|2003|0x00000007ffe00000, 0x00000007fff1c288, 0x0000000800000000| 55%| O|  |TAMS 0x00000007ffe00000| PB 0x00000007ffe00000| Untracked |  0

Card table byte_map: [0x000001dd7d8b0000,0x000001dd7e090000] _byte_map_base: 0x000001dd7a084000

Marking Bits: (CMBitMap*) 0x000001dd73ef6d80
 Bits: [0x000001dd0f000000, 0x000001dd12ea0000)

Polling page: 0x000001dd73480000

Metaspace:

Usage:
  Non-class:     17.23 MB used.
      Class:      2.34 MB used.
       Both:     19.57 MB used.

Virtual space:
  Non-class space:       64.00 MB reserved,      17.38 MB ( 27%) committed,  1 nodes.
      Class space:        1.00 GB reserved,       2.50 MB ( <1%) committed,  1 nodes.
             Both:        1.06 GB reserved,      19.88 MB (  2%) committed. 

Chunk freelists:
   Non-Class:  14.20 MB
       Class:  13.55 MB
        Both:  27.75 MB

MaxMetaspaceSize: unlimited
CompressedClassSpaceSize: 1.00 GB
Initial GC threshold: 21.00 MB
Current GC threshold: 21.00 MB
CDS: on
 - commit_granule_bytes: 65536.
 - commit_granule_words: 8192.
 - virtual_space_node_default_size: 8388608.
 - enlarge_chunks_in_place: 1.
UseCompressedClassPointers 1, UseCompactObjectHeaders 0
Narrow klass pointer bits 32, Max shift 3
Narrow klass base: 0x000001dd15000000, Narrow klass shift: 0
Encoding Range: [0x000001dd15000000 - 0x000001de15000000), (4294967296 bytes)
Klass Range:    [0x000001dd15000000 - 0x000001dd56000000), (1090519040 bytes)
Klass ID Range:  [8 - 1090519033) (1090519025)


Internal statistics:

num_allocs_failed_limit: 0.
num_arena_births: 314.
num_arena_deaths: 0.
num_vsnodes_births: 2.
num_vsnodes_deaths: 0.
num_space_committed: 318.
num_space_uncommitted: 0.
num_chunks_returned_to_freelist: 0.
num_chunks_taken_from_freelist: 753.
num_chunk_merges: 0.
num_chunk_splits: 514.
num_chunks_enlarged: 390.
num_inconsistent_stats: 0.

CodeHeap 'non-profiled nmethods': size=119232Kb used=1154Kb max_used=1154Kb free=118077Kb
 bounds [0x000001dd07b90000, 0x000001dd07e00000, 0x000001dd0f000000]
CodeHeap 'profiled nmethods': size=119104Kb used=5278Kb max_used=5278Kb free=113825Kb
 bounds [0x000001dd00000000, 0x000001dd00530000, 0x000001dd07450000]
CodeHeap 'non-nmethods': size=7424Kb used=2786Kb max_used=3398Kb free=4637Kb
 bounds [0x000001dd07450000, 0x000001dd077b0000, 0x000001dd07b90000]
CodeCache: size=245760Kb, used=9218Kb, max_used=9830Kb, free=236539Kb
 total_blobs=4041, nmethods=3212, adapters=732, full_count=0
Compilation: enabled, stopped_count=0, restarted_count=0

Compilation events (20 events):
Event: 11.105 Thread 0x000001dd7f10e0c0 nmethod 3208 0x000001dd07c90c08 code [0x000001dd07c90d00, 0x000001dd07c90dc8]
Event: 11.105 Thread 0x000001dd5a5ed480 3210   !   3       jdk.jfr.internal.Control::setValue (102 bytes)
Event: 11.105 Thread 0x000001dd5b1b74a0 nmethod 3192 0x000001dd07c90f08 code [0x000001dd07c91020, 0x000001dd07c91618]
Event: 11.105 Thread 0x000001dd5a23b5b0 3211       3       jdk.jfr.internal.SettingsManager$InternalSetting::getValues (35 bytes)
Event: 11.105 Thread 0x000001dd7f10e0c0 3209       1       jdk.jfr.internal.PlatformEventType::isEnabled (5 bytes)
Event: 11.106 Thread 0x000001dd7f10e0c0 nmethod 3209 0x000001dd07c91688 code [0x000001dd07c91780, 0x000001dd07c91848]
Event: 11.106 Thread 0x000001dd5a23b5b0 nmethod 3211 0x000001dd00525088 code [0x000001dd005251e0, 0x000001dd005256a8]
Event: 11.108 Thread 0x000001dd5a5ed480 nmethod 3210 0x000001dd00525708 code [0x000001dd005259a0, 0x000001dd00526df8]
Event: 11.111 Thread 0x000001dd5abe2a30 nmethod 3212 0x000001dd07c91988 code [0x000001dd07c91aa0, 0x000001dd07c92060]
Event: 11.121 Thread 0x000001dd5a1f1a30 nmethod 3199 0x000001dd07c92088 code [0x000001dd07c921a0, 0x000001dd07c92678]
Event: 11.127 Thread 0x000001dd5a23b5b0 3213       1       jdk.jfr.internal.periodic.EventTask::getEventType (5 bytes)
Event: 11.127 Thread 0x000001dd5a23b5b0 nmethod 3213 0x000001dd07c92708 code [0x000001dd07c92800, 0x000001dd07c928c8]
Event: 11.127 Thread 0x000001dd7f10e0c0 3214       1       jdk.jfr.internal.periodic.PeriodicTask::getPeriod (5 bytes)
Event: 11.128 Thread 0x000001dd5a23b5b0 3215       3       java.util.Comparator$$Lambda/0x000001dd16169fb8::compare (10 bytes)
Event: 11.128 Thread 0x000001dd7f10e0c0 nmethod 3214 0x000001dd07c92a08 code [0x000001dd07c92b00, 0x000001dd07c92bc8]
Event: 11.128 Thread 0x000001dd5a5ed480 3216       3       java.util.Comparator::lambda$comparingLong$6043328a$1 (18 bytes)
Event: 11.128 Thread 0x000001dd5abe2a30 3217       4       jdk.internal.classfile.impl.Util::parameterSlots (39 bytes)
Event: 11.128 Thread 0x000001dd5a23b5b0 nmethod 3215 0x000001dd00526e88 code [0x000001dd00526fe0, 0x000001dd00527458]
Event: 11.128 Thread 0x000001dd5a5ed480 nmethod 3216 0x000001dd00527488 code [0x000001dd005275e0, 0x000001dd005279c0]
Event: 11.132 Thread 0x000001dd5abe2a30 nmethod 3217 0x000001dd07c92d08 code [0x000001dd07c92e20, 0x000001dd07c92f68]

GC Heap History (2 events):
Event: 2.577 GC heap before
{Heap before GC invocations=0 (full 0):
 garbage-first heap   total reserved 4104192K, committed 260096K, used 48240K [0x0000000705800000, 0x0000000800000000)
  region size 2048K, 24 young (49152K), 0 survivors (0K)
 Metaspace       used 11962K, committed 12160K, reserved 1114112K
  class space    used 1145K, committed 1216K, reserved 1048576K
}
Event: 2.591 GC heap after
{Heap after GC invocations=1 (full 0):
 garbage-first heap   total reserved 4104192K, committed 260096K, used 5925K [0x0000000705800000, 0x0000000800000000)
  region size 2048K, 3 young (6144K), 3 survivors (6144K)
 Metaspace       used 11962K, committed 12160K, reserved 1114112K
  class space    used 1145K, committed 1216K, reserved 1048576K
}

Dll operation events (20 events):
Event: 1.126 Loaded shared library C:\Users\orekc\.openjfx\cache\17.0.6\api-ms-win-crt-locale-l1-1-0.dll
Event: 1.134 Loaded shared library C:\Users\orekc\.openjfx\cache\17.0.6\api-ms-win-crt-math-l1-1-0.dll
Event: 1.141 Loaded shared library C:\Users\orekc\.openjfx\cache\17.0.6\api-ms-win-crt-multibyte-l1-1-0.dll
Event: 1.151 Loaded shared library C:\Users\orekc\.openjfx\cache\17.0.6\api-ms-win-crt-private-l1-1-0.dll
Event: 1.159 Loaded shared library C:\Users\orekc\.openjfx\cache\17.0.6\api-ms-win-crt-process-l1-1-0.dll
Event: 1.166 Loaded shared library C:\Users\orekc\.openjfx\cache\17.0.6\api-ms-win-crt-runtime-l1-1-0.dll
Event: 1.173 Loaded shared library C:\Users\orekc\.openjfx\cache\17.0.6\api-ms-win-crt-stdio-l1-1-0.dll
Event: 1.181 Loaded shared library C:\Users\orekc\.openjfx\cache\17.0.6\api-ms-win-crt-string-l1-1-0.dll
Event: 1.188 Loaded shared library C:\Users\orekc\.openjfx\cache\17.0.6\api-ms-win-crt-time-l1-1-0.dll
Event: 1.194 Loaded shared library C:\Users\orekc\.openjfx\cache\17.0.6\api-ms-win-crt-utility-l1-1-0.dll
Event: 1.234 Loaded shared library C:\Users\orekc\.openjfx\cache\17.0.6\ucrtbase.dll
Event: 1.244 Loaded shared library C:\Users\orekc\.openjfx\cache\17.0.6\vcruntime140.dll
Event: 1.252 Loaded shared library C:\Users\orekc\.openjfx\cache\17.0.6\vcruntime140_1.dll
Event: 1.277 Loaded shared library C:\Users\orekc\.openjfx\cache\17.0.6\msvcp140.dll
Event: 1.286 Loaded shared library C:\Users\orekc\.openjfx\cache\17.0.6\msvcp140_1.dll
Event: 1.300 Loaded shared library C:\Users\orekc\.openjfx\cache\17.0.6\msvcp140_2.dll
Event: 1.464 Loaded shared library C:\Users\orekc\.openjfx\cache\17.0.6\prism_d3d.dll
Event: 1.904 Loaded shared library C:\Users\orekc\.openjfx\cache\17.0.6\glass.dll
Event: 2.815 Loaded shared library C:\Users\orekc\.openjfx\cache\17.0.6\javafx_font.dll
Event: 10.525 Loaded shared library C:\Users\orekc\AppData\Local\Temp\idea_libasyncProfiler_dll_temp_folder1\libasyncProfiler.dll

Deoptimization events (20 events):
Event: 10.888 Thread 0x000001dd7f103f90 Uncommon trap: trap_request=0xffffff4d fr.pc=0x000001dd07c7bbe0 relative=0x00000000000000c0
Event: 10.888 Thread 0x000001dd7f103f90 Uncommon trap: reason=unstable_if action=reinterpret pc=0x000001dd07c7bbe0 method=jdk.jfr.internal.Type.getKnownType(Ljava/lang/Class;)Ljdk/jfr/internal/Type; @ 47 c2
Event: 10.888 Thread 0x000001dd7f103f90 DEOPT PACKING pc=0x000001dd07c7bbe0 sp=0x000000b4bd1fe100
Event: 10.888 Thread 0x000001dd7f103f90 DEOPT UNPACKING pc=0x000001dd07566702 sp=0x000000b4bd1fe098 mode 2
Event: 10.908 Thread 0x000001dd7f103f90 Uncommon trap: trap_request=0xffffff4d fr.pc=0x000001dd07c0cfb0 relative=0x0000000000000270
Event: 10.908 Thread 0x000001dd7f103f90 Uncommon trap: reason=unstable_if action=reinterpret pc=0x000001dd07c0cfb0 method=java.util.concurrent.ConcurrentHashMap.get(Ljava/lang/Object;)Ljava/lang/Object; @ 76 c2
Event: 10.908 Thread 0x000001dd7f103f90 DEOPT PACKING pc=0x000001dd07c0cfb0 sp=0x000000b4bd1fe120
Event: 10.908 Thread 0x000001dd7f103f90 DEOPT UNPACKING pc=0x000001dd07566702 sp=0x000000b4bd1fe098 mode 2
Event: 10.927 Thread 0x000001dd7f103f90 Uncommon trap: trap_request=0xffffffcc fr.pc=0x000001dd07c7b37c relative=0x00000000000003bc
Event: 10.927 Thread 0x000001dd7f103f90 Uncommon trap: reason=intrinsic_or_type_checked_inlining action=make_not_entrant pc=0x000001dd07c7b37c method=java.util.Arrays.copyOf([Ljava/lang/Object;ILjava/lang/Class;)[Ljava/lang/Object; @ 35 c2
Event: 10.927 Thread 0x000001dd7f103f90 DEOPT PACKING pc=0x000001dd07c7b37c sp=0x000000b4bd1fe280
Event: 10.927 Thread 0x000001dd7f103f90 DEOPT UNPACKING pc=0x000001dd07566702 sp=0x000000b4bd1fe210 mode 2
Event: 11.058 Thread 0x000001dd7f103f90 Uncommon trap: trap_request=0xffffff4d fr.pc=0x000001dd07c88aac relative=0x000000000000020c
Event: 11.058 Thread 0x000001dd7f103f90 Uncommon trap: reason=unstable_if action=reinterpret pc=0x000001dd07c88aac method=java.io.ByteArrayOutputStream.ensureCapacity(I)V @ 11 c2
Event: 11.059 Thread 0x000001dd7f103f90 DEOPT PACKING pc=0x000001dd07c88aac sp=0x000000b4bd1fe620
Event: 11.059 Thread 0x000001dd7f103f90 DEOPT UNPACKING pc=0x000001dd07566702 sp=0x000000b4bd1fe558 mode 2
Event: 11.067 Thread 0x000001dd7f103f90 Uncommon trap: trap_request=0xffffff4d fr.pc=0x000001dd07c89b6c relative=0x000000000000054c
Event: 11.067 Thread 0x000001dd7f103f90 Uncommon trap: reason=unstable_if action=reinterpret pc=0x000001dd07c89b6c method=java.io.ByteArrayOutputStream.ensureCapacity(I)V @ 11 c2
Event: 11.067 Thread 0x000001dd7f103f90 DEOPT PACKING pc=0x000001dd07c89b6c sp=0x000000b4bd1fe570
Event: 11.067 Thread 0x000001dd7f103f90 DEOPT UNPACKING pc=0x000001dd07566702 sp=0x000000b4bd1fe3d0 mode 2

Classes loaded (20 events):
Event: 11.028 Loading class jdk/jfr/internal/MetadataWriter
Event: 11.028 Loading class jdk/jfr/internal/MetadataWriter done
Event: 11.029 Loading class jdk/jfr/internal/MetadataDescriptor$Element
Event: 11.029 Loading class jdk/jfr/internal/MetadataDescriptor$Element done
Event: 11.030 Loading class jdk/jfr/internal/MetadataDescriptor$Attribute
Event: 11.030 Loading class jdk/jfr/internal/MetadataDescriptor$Attribute done
Event: 11.048 Loading class jdk/jfr/internal/consumer/StringParser$Encoding
Event: 11.048 Loading class jdk/jfr/internal/consumer/StringParser$Encoding done
Event: 11.085 Loading class jdk/jfr/internal/consumer/RepositoryFiles
Event: 11.087 Loading class jdk/jfr/internal/consumer/RepositoryFiles done
Event: 11.095 Loading class jdk/jfr/internal/SettingsManager$InternalSetting
Event: 11.095 Loading class jdk/jfr/internal/SettingsManager$InternalSetting done
Event: 11.099 Loading class jdk/jfr/internal/util/Rate
Event: 11.100 Loading class jdk/jfr/internal/util/Rate done
Event: 11.100 Loading class jdk/jfr/internal/util/TimespanUnit
Event: 11.100 Loading class jdk/jfr/internal/util/TimespanUnit done
Event: 11.101 Loading class jdk/jfr/internal/util/ValueParser
Event: 11.101 Loading class jdk/jfr/internal/util/ValueParser done
Event: 11.104 Loading class jdk/jfr/internal/periodic/PeriodicType
Event: 11.105 Loading class jdk/jfr/internal/periodic/PeriodicType done

Classes unloaded (0 events):
No events

Classes redefined (0 events):
No events

Internal exceptions (20 events):
Event: 2.984 Thread 0x000001dd5b891810 Exception <a 'java/lang/NoSuchMethodError'{0x00000007146f8da0}: 'void java.lang.invoke.DelegatingMethodHandle$Holder.reinvoke_L(java.lang.Object, java.lang.Object, double)'> (0x00000007146f8da0) 
thrown [s\open\src\hotspot\share\interpreter\linkResolver.cpp, line 805]
Event: 3.045 Thread 0x000001dd5b891810 Exception <a 'java/lang/NoSuchMethodError'{0x000000071449ffc0}: 'void java.lang.invoke.Invokers$Holder.invokeExact_MT(java.lang.Object, java.lang.Object, java.lang.Object, java.lang.Object)'> (0x000000071449ffc0) 
thrown [s\open\src\hotspot\share\interpreter\linkResolver.cpp, line 805]
Event: 3.110 Thread 0x000001dd5a843e90 Exception <a 'java/lang/NoSuchMethodError'{0x000000071420eb30}: 'long java.lang.invoke.DirectMethodHandle$Holder.invokeVirtual(java.lang.Object, java.lang.Object)'> (0x000000071420eb30) 
thrown [s\open\src\hotspot\share\interpreter\linkResolver.cpp, line 805]
Event: 3.111 Thread 0x000001dd5a843e90 Exception <a 'java/lang/NoSuchMethodError'{0x0000000714216e20}: 'java.lang.Object java.lang.invoke.DirectMethodHandle$Holder.invokeStatic(java.lang.Object, long)'> (0x0000000714216e20) 
thrown [s\open\src\hotspot\share\interpreter\linkResolver.cpp, line 805]
Event: 3.112 Thread 0x000001dd5a843e90 Exception <a 'java/lang/NoSuchMethodError'{0x0000000714226ec8}: 'long java.lang.invoke.DelegatingMethodHandle$Holder.reinvoke_L(java.lang.Object, java.lang.Object)'> (0x0000000714226ec8) 
thrown [s\open\src\hotspot\share\interpreter\linkResolver.cpp, line 805]
Event: 3.451 Thread 0x000001dd5b891810 Exception <a 'java/lang/IncompatibleClassChangeError'{0x0000000713a75af8}: Found class java.lang.Object, but interface was expected> (0x0000000713a75af8) 
thrown [s\open\src\hotspot\share\interpreter\linkResolver.cpp, line 872]
Event: 3.535 Thread 0x000001dd5b891810 Exception <a 'java/lang/ClassNotFoundException'{0x000000071395ec10}: com/sun/javafx/scene/control/skin/resources/controls> (0x000000071395ec10) 
thrown [s\open\src\hotspot\share\prims\jni.cpp, line 536]
Event: 3.537 Thread 0x000001dd5b891810 Exception <a 'java/lang/ClassNotFoundException'{0x000000071396bc20}: com/sun/javafx/scene/control/skin/resources/controls_tr> (0x000000071396bc20) 
thrown [s\open\src\hotspot\share\prims\jni.cpp, line 536]
Event: 3.537 Thread 0x000001dd5b891810 Exception <a 'java/lang/ClassNotFoundException'{0x000000071396ca70}: com/sun/javafx/scene/control/skin/resources/controls_tr_TR> (0x000000071396ca70) 
thrown [s\open\src\hotspot\share\prims\jni.cpp, line 536]
Event: 3.608 Thread 0x000001dd5b891810 Exception <a 'java/lang/NoSuchMethodError'{0x0000000713515050}: 'void java.lang.invoke.DirectMethodHandle$Holder.invokeSpecial(java.lang.Object, java.lang.Object, java.lang.Object, java.lang.Object, java.lang.Object, java.lang.Object)'> (0x0000000713515050) 
thrown [s\open\src\hotspot\share\interpreter\linkResolver.cpp, line 805]
Event: 3.762 Thread 0x000001dd5b891810 Exception <a 'java/lang/NoSuchMethodError'{0x0000000712e4f208}: 'int java.lang.invoke.DirectMethodHandle$Holder.invokeSpecial(java.lang.Object, java.lang.Object, int)'> (0x0000000712e4f208) 
thrown [s\open\src\hotspot\share\interpreter\linkResolver.cpp, line 805]
Event: 3.792 Thread 0x000001dd5b891810 Exception <a 'java/lang/NoSuchMethodError'{0x0000000712eb1b10}: 'java.lang.Object java.lang.invoke.DirectMethodHandle$Holder.newInvokeSpecial(java.lang.Object, java.lang.Object, int)'> (0x0000000712eb1b10) 
thrown [s\open\src\hotspot\share\interpreter\linkResolver.cpp, line 805]
Event: 3.878 Thread 0x000001dd5a5669b0 Exception <a 'java/lang/NoSuchMethodError'{0x0000000712c05fa8}: 'int java.lang.invoke.DirectMethodHandle$Holder.invokeStaticInit(java.lang.Object, java.lang.Object)'> (0x0000000712c05fa8) 
thrown [s\open\src\hotspot\share\interpreter\linkResolver.cpp, line 805]
Event: 10.780 Thread 0x000001dd7f103f90 Exception <a 'java/lang/NoSuchMethodError'{0x00000007126f94d0}: 'int java.lang.invoke.DirectMethodHandle$Holder.invokeStatic(java.lang.Object, java.lang.Object, java.lang.Object, java.lang.Object)'> (0x00000007126f94d0) 
thrown [s\open\src\hotspot\share\interpreter\linkResolver.cpp, line 805]
Event: 10.990 Thread 0x000001dd7f103f90 Exception <a 'java/lang/NoSuchMethodError'{0x0000000711d51a18}: 'void java.lang.invoke.DirectMethodHandle$Holder.invokeSpecial(java.lang.Object, java.lang.Object, int)'> (0x0000000711d51a18) 
thrown [s\open\src\hotspot\share\interpreter\linkResolver.cpp, line 805]
Event: 10.991 Thread 0x000001dd7f103f90 Exception <a 'java/lang/NoSuchMethodError'{0x0000000711d59638}: 'void java.lang.invoke.Invokers$Holder.invokeExact_MT(java.lang.Object, int, java.lang.Object)'> (0x0000000711d59638) 
thrown [s\open\src\hotspot\share\interpreter\linkResolver.cpp, line 805]
Event: 11.001 Thread 0x000001dd7f103f90 Exception <a 'java/lang/NoSuchMethodError'{0x0000000711d73970}: 'void java.lang.invoke.DirectMethodHandle$Holder.invokeStatic(java.lang.Object, java.lang.Object, int)'> (0x0000000711d73970) 
thrown [s\open\src\hotspot\share\interpreter\linkResolver.cpp, line 805]
Event: 11.011 Thread 0x000001dd7f103f90 Exception <a 'sun/nio/fs/WindowsException'{0x0000000711deeae0}> (0x0000000711deeae0) 
thrown [s\open\src\hotspot\share\prims\jni.cpp, line 518]
Event: 11.015 Thread 0x000001dd7f103f90 Exception <a 'sun/nio/fs/WindowsException'{0x0000000711dfb898}> (0x0000000711dfb898) 
thrown [s\open\src\hotspot\share\prims\jni.cpp, line 518]
Event: 11.023 Thread 0x000001dd7f103f90 Exception <a 'sun/nio/fs/WindowsException'{0x0000000711a0dd60}> (0x0000000711a0dd60) 
thrown [s\open\src\hotspot\share\prims\jni.cpp, line 518]

VM Operations (20 events):
Event: 1.104 Executing VM operation: HandshakeAllThreads (Deoptimize)
Event: 1.104 Executing VM operation: HandshakeAllThreads (Deoptimize) done
Event: 1.337 Executing VM operation: HandshakeAllThreads (Deoptimize)
Event: 1.337 Executing VM operation: HandshakeAllThreads (Deoptimize) done
Event: 1.575 Executing VM operation: HandshakeAllThreads (Deoptimize)
Event: 1.575 Executing VM operation: HandshakeAllThreads (Deoptimize) done
Event: 1.885 Executing VM operation: HandshakeAllThreads (Deoptimize)
Event: 1.885 Executing VM operation: HandshakeAllThreads (Deoptimize) done
Event: 2.461 Executing VM operation: HandshakeAllThreads (Deoptimize)
Event: 2.461 Executing VM operation: HandshakeAllThreads (Deoptimize) done
Event: 2.518 Executing VM operation: HandshakeAllThreads (Deoptimize)
Event: 2.518 Executing VM operation: HandshakeAllThreads (Deoptimize) done
Event: 2.577 Executing VM operation: G1CollectForAllocation (G1 Evacuation Pause)
Event: 2.591 Executing VM operation: G1CollectForAllocation (G1 Evacuation Pause) done
Event: 2.827 Executing VM operation: HandshakeAllThreads (Deoptimize)
Event: 2.827 Executing VM operation: HandshakeAllThreads (Deoptimize) done
Event: 11.004 Executing VM operation: HandshakeAllThreads (Deoptimize)
Event: 11.004 Executing VM operation: HandshakeAllThreads (Deoptimize) done
Event: 11.090 Executing VM operation: JFRSafepointClear
Event: 11.090 Executing VM operation: JFRSafepointClear done

Memory protections (0 events):
No events

Nmethod flushes (0 events):
No events

Events (20 events):
Event: 1.849 Thread 0x000001dd5a18c0e0 Thread exited: 0x000001dd5a18c0e0
Event: 1.909 Thread 0x000001dd73e8dd60 Thread added: 0x000001dd5b8a4e90
Event: 1.915 Thread 0x000001dd73e8dd60 Thread added: 0x000001dd5b891810
Event: 2.157 Thread 0x000001dd5eb60480 Thread added: 0x000001dd5eb60480
Event: 2.159 Thread 0x000001dd73e8dd60 Thread added: 0x000001dd5eb621c0
Event: 2.855 Thread 0x000001dd5a1c9170 Thread added: 0x000001dd5ed77540
Event: 3.388 Thread 0x000001dd5ed77540 Thread exited: 0x000001dd5ed77540
Event: 3.444 Thread 0x000001dd5b891810 Thread added: 0x000001dd5eb63060
Event: 4.008 Thread 0x000001dd5a5669b0 Thread added: 0x000001dd5eb5fd30
Event: 5.145 Thread 0x000001dd5a1c9170 Thread exited: 0x000001dd5a1c9170
Event: 5.145 Thread 0x000001dd5a105fc0 Thread exited: 0x000001dd5a105fc0
Event: 5.145 Thread 0x000001dd5a103410 Thread exited: 0x000001dd5a103410
Event: 10.604 Thread 0x000001dd7f10e0c0 Thread added: 0x000001dd5a105fc0
Event: 10.616 Thread 0x000001dd7f10e0c0 Thread added: 0x000001dd5abe2a30
Event: 10.666 Thread 0x000001dd7f103f90 Thread added: 0x000001dd5eb61320
Event: 10.761 Thread 0x000001dd7f10e0c0 Thread added: 0x000001dd5a23b5b0
Event: 10.762 Thread 0x000001dd7f10e0c0 Thread added: 0x000001dd5a5ed480
Event: 10.804 Thread 0x000001dd7f10a5e0 Thread added: 0x000001dd5a1f1a30
Event: 10.808 Thread 0x000001dd5a5ed480 Thread added: 0x000001dd5b1b74a0
Event: 11.002 Thread 0x000001dd7f103f90 Thread added: 0x000001dd5ae8f2c0


Dynamic libraries:
0x00007ff7e2a00000 - 0x00007ff7e2a0e000 	C:\Users\orekc\.jdks\openjdk-24.0.1\bin\java.exe
0x00007ffaeca00000 - 0x00007ffaecc66000 	C:\WINDOWS\SYSTEM32\ntdll.dll
0x00007ffaebc30000 - 0x00007ffaebcf9000 	C:\WINDOWS\System32\KERNEL32.DLL
0x00007ffae9e40000 - 0x00007ffaea20c000 	C:\WINDOWS\System32\KERNELBASE.dll
0x00007ffaea3c0000 - 0x00007ffaea50b000 	C:\WINDOWS\System32\ucrtbase.dll
0x00007ffae0050000 - 0x00007ffae0066000 	C:\Users\orekc\.jdks\openjdk-24.0.1\bin\jli.dll
0x00007ffaeb200000 - 0x00007ffaeb3ca000 	C:\WINDOWS\System32\USER32.dll
0x00007ffaea210000 - 0x00007ffaea237000 	C:\WINDOWS\System32\win32u.dll
0x00007ffaeb540000 - 0x00007ffaeb56b000 	C:\WINDOWS\System32\GDI32.dll
0x00007ffae9b90000 - 0x00007ffae9cc2000 	C:\WINDOWS\System32\gdi32full.dll
0x00007ffae9d90000 - 0x00007ffae9e33000 	C:\WINDOWS\System32\msvcp_win.dll
0x00007ffad3420000 - 0x00007ffad343b000 	C:\Users\orekc\.jdks\openjdk-24.0.1\bin\VCRUNTIME140.dll
0x00007ffac3c30000 - 0x00007ffac3eca000 	C:\WINDOWS\WinSxS\amd64_microsoft.windows.common-controls_6595b64144ccf1df_6.0.26100.3912_none_3e07963ce335137e\COMCTL32.dll
0x00007ffaeafc0000 - 0x00007ffaeb069000 	C:\WINDOWS\System32\msvcrt.dll
0x00007ffaeb570000 - 0x00007ffaeb5a0000 	C:\WINDOWS\System32\IMM32.DLL
0x00007ffad3480000 - 0x00007ffad348c000 	C:\Users\orekc\.jdks\openjdk-24.0.1\bin\vcruntime140_1.dll
0x00007ffab70e0000 - 0x00007ffab716e000 	C:\Users\orekc\.jdks\openjdk-24.0.1\bin\msvcp140.dll
0x00007ffa3bd90000 - 0x00007ffa3cb32000 	C:\Users\orekc\.jdks\openjdk-24.0.1\bin\server\jvm.dll
0x00007ffaec4f0000 - 0x00007ffaec5a2000 	C:\WINDOWS\System32\ADVAPI32.dll
0x00007ffaec430000 - 0x00007ffaec4d6000 	C:\WINDOWS\System32\sechost.dll
0x00007ffaea9a0000 - 0x00007ffaeaab6000 	C:\WINDOWS\System32\RPCRT4.dll
0x00007ffaec6b0000 - 0x00007ffaec724000 	C:\WINDOWS\System32\WS2_32.dll
0x00007ffae87a0000 - 0x00007ffae87fe000 	C:\WINDOWS\SYSTEM32\POWRPROF.dll
0x00007ffadbb90000 - 0x00007ffadbbc6000 	C:\WINDOWS\SYSTEM32\WINMM.dll
0x00007ffadb560000 - 0x00007ffadb56b000 	C:\WINDOWS\SYSTEM32\VERSION.dll
0x00007ffae8780000 - 0x00007ffae8794000 	C:\WINDOWS\SYSTEM32\UMPDC.dll
0x00007ffae8a70000 - 0x00007ffae8a8a000 	C:\WINDOWS\SYSTEM32\kernel.appcore.dll
0x00007ffacf240000 - 0x00007ffacf24a000 	C:\Users\orekc\.jdks\openjdk-24.0.1\bin\jimage.dll
0x00007ffae72b0000 - 0x00007ffae74f1000 	C:\WINDOWS\SYSTEM32\DBGHELP.DLL
0x00007ffaeac30000 - 0x00007ffaeafb4000 	C:\WINDOWS\System32\combase.dll
0x00007ffaeb110000 - 0x00007ffaeb1f0000 	C:\WINDOWS\System32\OLEAUT32.dll
0x00007ffab77c0000 - 0x00007ffab77f9000 	C:\WINDOWS\SYSTEM32\dbgcore.DLL
0x00007ffaea510000 - 0x00007ffaea5a9000 	C:\WINDOWS\System32\bcryptPrimitives.dll
0x00007ffac9560000 - 0x00007ffac956f000 	C:\Users\orekc\.jdks\openjdk-24.0.1\bin\instrument.dll
0x00007ffac9570000 - 0x00007ffac958e000 	C:\Users\orekc\.jdks\openjdk-24.0.1\bin\java.dll
0x00007ffaeba40000 - 0x00007ffaebbdf000 	C:\WINDOWS\System32\ole32.dll
0x00007ffaebd00000 - 0x00007ffaec42d000 	C:\WINDOWS\System32\SHELL32.dll
0x00007ffaea240000 - 0x00007ffaea3b4000 	C:\WINDOWS\System32\wintypes.dll
0x00007ffae77f0000 - 0x00007ffae8046000 	C:\WINDOWS\SYSTEM32\windows.storage.dll
0x00007ffaec5b0000 - 0x00007ffaec69f000 	C:\WINDOWS\System32\SHCORE.dll
0x00007ffaec950000 - 0x00007ffaec9b9000 	C:\WINDOWS\System32\shlwapi.dll
0x00007ffae9aa0000 - 0x00007ffae9acf000 	C:\WINDOWS\SYSTEM32\profapi.dll
0x00007ffaa7540000 - 0x00007ffaa7617000 	C:\Users\orekc\.jdks\openjdk-24.0.1\bin\jsvml.dll
0x00007ffaca750000 - 0x00007ffaca760000 	C:\Users\orekc\.jdks\openjdk-24.0.1\bin\net.dll
0x00007ffae8fe0000 - 0x00007ffae904a000 	C:\WINDOWS\system32\mswsock.dll
0x00007ffac56e0000 - 0x00007ffac56f6000 	C:\Users\orekc\.jdks\openjdk-24.0.1\bin\nio.dll
0x00007ffac1a50000 - 0x00007ffac1a67000 	C:\Users\orekc\.jdks\openjdk-24.0.1\bin\zip.dll
0x00007ffae84d0000 - 0x00007ffae85f7000 	C:\WINDOWS\SYSTEM32\DNSAPI.dll
0x00007ffae8490000 - 0x00007ffae84c3000 	C:\WINDOWS\SYSTEM32\IPHLPAPI.DLL
0x00007ffaec4e0000 - 0x00007ffaec4ea000 	C:\WINDOWS\System32\NSI.dll
0x00007ffadefb0000 - 0x00007ffadefbb000 	C:\Windows\System32\rasadhlp.dll
0x00007ffadfb50000 - 0x00007ffadfbd6000 	C:\WINDOWS\System32\fwpuclnt.dll
0x00007ffac2580000 - 0x00007ffac258a000 	C:\Users\orekc\.jdks\openjdk-24.0.1\bin\management.dll
0x00007ffabeec0000 - 0x00007ffabeecb000 	C:\Users\orekc\.jdks\openjdk-24.0.1\bin\management_ext.dll
0x00007ffaec940000 - 0x00007ffaec948000 	C:\WINDOWS\System32\PSAPI.DLL
0x000001dd14eb0000 - 0x000001dd14eb3000 	C:\Users\orekc\.openjfx\cache\17.0.6\api-ms-win-core-console-l1-1-0.dll
0x000001dd14ec0000 - 0x000001dd14ec3000 	C:\Users\orekc\.openjfx\cache\17.0.6\api-ms-win-core-console-l1-2-0.dll
0x000001dd14fe0000 - 0x000001dd14fe3000 	C:\Users\orekc\.openjfx\cache\17.0.6\api-ms-win-core-datetime-l1-1-0.dll
0x000001dd14ff0000 - 0x000001dd14ff3000 	C:\Users\orekc\.openjfx\cache\17.0.6\api-ms-win-core-debug-l1-1-0.dll
0x000001dd5bbd0000 - 0x000001dd5bbd3000 	C:\Users\orekc\.openjfx\cache\17.0.6\api-ms-win-core-errorhandling-l1-1-0.dll
0x000001dd5bbe0000 - 0x000001dd5bbe4000 	C:\Users\orekc\.openjfx\cache\17.0.6\api-ms-win-core-file-l1-1-0.dll
0x000001dd5bbf0000 - 0x000001dd5bbf3000 	C:\Users\orekc\.openjfx\cache\17.0.6\api-ms-win-core-file-l1-2-0.dll
0x000001dd5bc00000 - 0x000001dd5bc03000 	C:\Users\orekc\.openjfx\cache\17.0.6\api-ms-win-core-file-l2-1-0.dll
0x000001dd5bc10000 - 0x000001dd5bc13000 	C:\Users\orekc\.openjfx\cache\17.0.6\api-ms-win-core-handle-l1-1-0.dll
0x000001dd5bc20000 - 0x000001dd5bc23000 	C:\Users\orekc\.openjfx\cache\17.0.6\api-ms-win-core-heap-l1-1-0.dll
0x000001dd5bc30000 - 0x000001dd5bc33000 	C:\Users\orekc\.openjfx\cache\17.0.6\api-ms-win-core-interlocked-l1-1-0.dll
0x000001dd5bc40000 - 0x000001dd5bc43000 	C:\Users\orekc\.openjfx\cache\17.0.6\api-ms-win-core-libraryloader-l1-1-0.dll
0x000001dd5bc50000 - 0x000001dd5bc53000 	C:\Users\orekc\.openjfx\cache\17.0.6\api-ms-win-core-localization-l1-2-0.dll
0x000001dd5bc60000 - 0x000001dd5bc63000 	C:\Users\orekc\.openjfx\cache\17.0.6\api-ms-win-core-memory-l1-1-0.dll
0x000001dd5bc70000 - 0x000001dd5bc73000 	C:\Users\orekc\.openjfx\cache\17.0.6\api-ms-win-core-namedpipe-l1-1-0.dll
0x000001dd5bc80000 - 0x000001dd5bc83000 	C:\Users\orekc\.openjfx\cache\17.0.6\api-ms-win-core-processenvironment-l1-1-0.dll
0x000001dd5bc90000 - 0x000001dd5bc93000 	C:\Users\orekc\.openjfx\cache\17.0.6\api-ms-win-core-processthreads-l1-1-0.dll
0x000001dd5bca0000 - 0x000001dd5bca3000 	C:\Users\orekc\.openjfx\cache\17.0.6\api-ms-win-core-processthreads-l1-1-1.dll
0x000001dd5bcb0000 - 0x000001dd5bcb3000 	C:\Users\orekc\.openjfx\cache\17.0.6\api-ms-win-core-profile-l1-1-0.dll
0x000001dd5bcc0000 - 0x000001dd5bcc3000 	C:\Users\orekc\.openjfx\cache\17.0.6\api-ms-win-core-rtlsupport-l1-1-0.dll
0x000001dd5bcd0000 - 0x000001dd5bcd3000 	C:\Users\orekc\.openjfx\cache\17.0.6\api-ms-win-core-string-l1-1-0.dll
0x000001dd5bce0000 - 0x000001dd5bce3000 	C:\Users\orekc\.openjfx\cache\17.0.6\api-ms-win-core-synch-l1-1-0.dll
0x000001dd5c030000 - 0x000001dd5c033000 	C:\Users\orekc\.openjfx\cache\17.0.6\api-ms-win-core-synch-l1-2-0.dll
0x000001dd5c040000 - 0x000001dd5c043000 	C:\Users\orekc\.openjfx\cache\17.0.6\api-ms-win-core-sysinfo-l1-1-0.dll
0x000001dd5c050000 - 0x000001dd5c053000 	C:\Users\orekc\.openjfx\cache\17.0.6\api-ms-win-core-timezone-l1-1-0.dll
0x000001dd5c060000 - 0x000001dd5c063000 	C:\Users\orekc\.openjfx\cache\17.0.6\api-ms-win-core-util-l1-1-0.dll
0x000001dd5c070000 - 0x000001dd5c073000 	C:\Users\orekc\.openjfx\cache\17.0.6\api-ms-win-crt-conio-l1-1-0.dll
0x000001dd5c080000 - 0x000001dd5c084000 	C:\Users\orekc\.openjfx\cache\17.0.6\api-ms-win-crt-convert-l1-1-0.dll
0x000001dd5c090000 - 0x000001dd5c093000 	C:\Users\orekc\.openjfx\cache\17.0.6\api-ms-win-crt-environment-l1-1-0.dll
0x000001dd5c0a0000 - 0x000001dd5c0a3000 	C:\Users\orekc\.openjfx\cache\17.0.6\api-ms-win-crt-filesystem-l1-1-0.dll
0x000001dd5c0b0000 - 0x000001dd5c0b3000 	C:\Users\orekc\.openjfx\cache\17.0.6\api-ms-win-crt-heap-l1-1-0.dll
0x000001dd5c0c0000 - 0x000001dd5c0c3000 	C:\Users\orekc\.openjfx\cache\17.0.6\api-ms-win-crt-locale-l1-1-0.dll
0x000001dd5c0d0000 - 0x000001dd5c0d5000 	C:\Users\orekc\.openjfx\cache\17.0.6\api-ms-win-crt-math-l1-1-0.dll
0x000001dd5c0e0000 - 0x000001dd5c0e5000 	C:\Users\orekc\.openjfx\cache\17.0.6\api-ms-win-crt-multibyte-l1-1-0.dll
0x000001dd5c0f0000 - 0x000001dd5c100000 	C:\Users\orekc\.openjfx\cache\17.0.6\api-ms-win-crt-private-l1-1-0.dll
0x000001dd5c100000 - 0x000001dd5c103000 	C:\Users\orekc\.openjfx\cache\17.0.6\api-ms-win-crt-process-l1-1-0.dll
0x000001dd5c110000 - 0x000001dd5c114000 	C:\Users\orekc\.openjfx\cache\17.0.6\api-ms-win-crt-runtime-l1-1-0.dll
0x000001dd5c120000 - 0x000001dd5c124000 	C:\Users\orekc\.openjfx\cache\17.0.6\api-ms-win-crt-stdio-l1-1-0.dll
0x000001dd5c130000 - 0x000001dd5c134000 	C:\Users\orekc\.openjfx\cache\17.0.6\api-ms-win-crt-string-l1-1-0.dll
0x000001dd5c140000 - 0x000001dd5c143000 	C:\Users\orekc\.openjfx\cache\17.0.6\api-ms-win-crt-time-l1-1-0.dll
0x000001dd5c150000 - 0x000001dd5c153000 	C:\Users\orekc\.openjfx\cache\17.0.6\api-ms-win-crt-utility-l1-1-0.dll
0x00007ffa6a340000 - 0x00007ffa6a43c000 	C:\Users\orekc\.openjfx\cache\17.0.6\ucrtbase.dll
0x00007ffaa7000000 - 0x00007ffaa701a000 	C:\Users\orekc\.openjfx\cache\17.0.6\vcruntime140.dll
0x00007ffab6f10000 - 0x00007ffab6f1c000 	C:\Users\orekc\.openjfx\cache\17.0.6\vcruntime140_1.dll
0x00007ffa90240000 - 0x00007ffa902cd000 	C:\Users\orekc\.openjfx\cache\17.0.6\msvcp140.dll
0x00007ffab6ec0000 - 0x00007ffab6ec9000 	C:\Users\orekc\.openjfx\cache\17.0.6\msvcp140_1.dll
0x00007ffaa6cb0000 - 0x00007ffaa6cdf000 	C:\Users\orekc\.openjfx\cache\17.0.6\msvcp140_2.dll
0x00007ffae9290000 - 0x00007ffae92ac000 	C:\WINDOWS\SYSTEM32\CRYPTSP.dll
0x00007ffae89d0000 - 0x00007ffae8a0a000 	C:\WINDOWS\system32\rsaenh.dll
0x00007ffae9080000 - 0x00007ffae90ab000 	C:\WINDOWS\SYSTEM32\USERENV.dll
0x00007ffae9a70000 - 0x00007ffae9a96000 	C:\WINDOWS\SYSTEM32\bcrypt.dll
0x00007ffae9280000 - 0x00007ffae928c000 	C:\WINDOWS\SYSTEM32\CRYPTBASE.dll
0x00007ffab2f40000 - 0x00007ffab2f58000 	C:\WINDOWS\system32\napinsp.dll
0x00007ffaa36d0000 - 0x00007ffaa36e2000 	C:\WINDOWS\System32\winrnr.dll
0x00007ffa9aa00000 - 0x00007ffa9aa30000 	C:\WINDOWS\system32\nlansp_c.dll
0x00007ffadee10000 - 0x00007ffadee30000 	C:\WINDOWS\system32\wshbth.dll
0x00007ffaa6910000 - 0x00007ffaa693a000 	C:\Users\orekc\.openjfx\cache\17.0.6\prism_d3d.dll
0x00007ffa9e690000 - 0x00007ffa9e845000 	C:\WINDOWS\system32\d3d9.dll
0x00007ffae6af0000 - 0x00007ffae6b26000 	C:\WINDOWS\SYSTEM32\dwmapi.dll
0x00007ffae43a0000 - 0x00007ffae43e7000 	C:\WINDOWS\SYSTEM32\dxcore.dll
0x00007ffae3f90000 - 0x00007ffae403f000 	C:\WINDOWS\system32\uxtheme.dll
0x00007ffaa5a20000 - 0x00007ffaa5ae5000 	C:\WINDOWS\SYSTEM32\d3d9on12.dll
0x00007ffae43f0000 - 0x00007ffae4523000 	C:\WINDOWS\SYSTEM32\dxgi.dll
0x00007ffaa6180000 - 0x00007ffaa61a3000 	C:\WINDOWS\SYSTEM32\d3d12.dll
0x00007ffae4330000 - 0x00007ffae4390000 	C:\WINDOWS\SYSTEM32\directxdatabasehelper.dll
0x00007ffae97d0000 - 0x00007ffae9827000 	C:\WINDOWS\SYSTEM32\cfgmgr32.dll
0x00007ffa73c40000 - 0x00007ffa73eb3000 	C:\WINDOWS\SYSTEM32\D3D12Core.dll
0x00007ffaa6100000 - 0x00007ffaa6127000 	C:\WINDOWS\System32\DriverStore\FileRepository\iigd_dch.inf_amd64_5e75951373a27ea4\igd12umd64.dll
0x00007ffa71e40000 - 0x00007ffa72b05000 	C:\WINDOWS\System32\DriverStore\FileRepository\iigd_dch.inf_amd64_5e75951373a27ea4\igd12um64xel.dll
0x00007ffaea640000 - 0x00007ffaea7b7000 	C:\WINDOWS\System32\CRYPT32.dll
0x00007ffad6d90000 - 0x00007ffad6dd3000 	C:\WINDOWS\SYSTEM32\ControlLib.dll
0x00007ffaeb5b0000 - 0x00007ffaeba36000 	C:\WINDOWS\System32\SETUPAPI.dll
0x00007ffae9830000 - 0x00007ffae985d000 	C:\WINDOWS\SYSTEM32\DEVOBJ.dll

JVMTI agents:
C:\Program Files\JetBrains\IntelliJ IDEA 2024.3.4.1\lib\idea_rt.jar path:C:\Users\orekc\.jdks\openjdk-24.0.1\bin\instrument.dll, loaded, initialized, instrumentlib options:60709

dbghelp: loaded successfully - version: 4.0.5 - missing functions: none
symbol engine: initialized successfully - sym options: 0x614 - pdb path: .;C:\Users\orekc\.jdks\openjdk-24.0.1\bin;C:\WINDOWS\SYSTEM32;C:\WINDOWS\WinSxS\amd64_microsoft.windows.common-controls_6595b64144ccf1df_6.0.26100.3912_none_3e07963ce335137e;C:\Users\orekc\.jdks\openjdk-24.0.1\bin\server;C:\Users\orekc\.openjfx\cache\17.0.6;C:\WINDOWS\System32\DriverStore\FileRepository\iigd_dch.inf_amd64_5e75951373a27ea4;C:\Program Files\Common Files\Microsoft Shared\Ink;C:\Users\orekc\AppData\Local\Temp\idea_libasyncProfiler_dll_temp_folder1

VM Arguments:
jvm_args: -javaagent:C:\Program Files\JetBrains\IntelliJ IDEA 2024.3.4.1\lib\idea_rt.jar=60709 -Dfile.encoding=UTF-8 -Dsun.stdout.encoding=UTF-8 -Dsun.stderr.encoding=UTF-8 --module-path=C:\Users\orekc\.m2\repository\org\openjfx\javafx-fxml\17.0.6\javafx-fxml-17.0.6-win.jar;C:\Users\orekc\.m2\repository\org\openjfx\javafx-controls\17.0.6\javafx-controls-17.0.6-win.jar;C:\Users\orekc\.m2\repository\org\openjfx\javafx-graphics\17.0.6\javafx-graphics-17.0.6-win.jar;C:\Users\orekc\OneDrive\Masaüstü\TinyHouse-main\TinyHouse-main\demo\target\classes;C:\Users\orekc\.m2\repository\org\openjfx\javafx-base\17.0.6\javafx-base-17.0.6-win.jar -Djdk.module.main=com.example.demo 
java_command: com.example.demo/com.example.demo.HelloApplication
java_class_path (initial): C:\Users\orekc\.m2\repository\org\openjfx\javafx-controls\17.0.6\javafx-controls-17.0.6.jar;C:\Users\orekc\.m2\repository\org\openjfx\javafx-graphics\17.0.6\javafx-graphics-17.0.6.jar;C:\Users\orekc\.m2\repository\org\openjfx\javafx-base\17.0.6\javafx-base-17.0.6.jar;C:\Users\orekc\.m2\repository\org\openjfx\javafx-fxml\17.0.6\javafx-fxml-17.0.6.jar;C:\Users\orekc\.m2\repository\com\dlsc\formsfx\formsfx-core\11.6.0\formsfx-core-11.6.0.jar;C:\Users\orekc\.m2\repository\com\microsoft\sqlserver\mssql-jdbc\12.4.2.jre11\mssql-jdbc-12.4.2.jre11.jar
Launcher Type: SUN_STANDARD

[Global flags]
     intx CICompilerCount                          = 12                                        {product} {ergonomic}
     uint ConcGCThreads                            = 3                                         {product} {ergonomic}
     bool FlightRecorder                           = true                                      {product} {management}
     uint G1ConcRefinementThreads                  = 13                                        {product} {ergonomic}
   size_t G1HeapRegionSize                         = 2097152                                   {product} {ergonomic}
   size_t InitialHeapSize                          = 264241152                                 {product} {ergonomic}
   size_t MarkStackSize                            = 4194304                                   {product} {ergonomic}
   size_t MarkStackSizeMax                         = 536870912                                 {product} {ergonomic}
   size_t MaxHeapSize                              = 4202692608                                {product} {ergonomic}
   size_t MaxNewSize                               = 2520776704                                {product} {ergonomic}
   size_t MinHeapDeltaBytes                        = 2097152                                   {product} {ergonomic}
   size_t MinHeapSize                              = 8388608                                   {product} {ergonomic}
    uintx NonNMethodCodeHeapSize                   = 7602176                                {pd product} {ergonomic}
    uintx NonProfiledCodeHeapSize                  = 122093568                              {pd product} {ergonomic}
    uintx ProfiledCodeHeapSize                     = 121962496                              {pd product} {ergonomic}
    uintx ReservedCodeCacheSize                    = 251658240                              {pd product} {ergonomic}
     bool SegmentedCodeCache                       = true                                      {product} {ergonomic}
   size_t SoftMaxHeapSize                          = 4202692608                             {manageable} {ergonomic}
     bool UseCompressedOops                        = true                           {product lp64_product} {ergonomic}
     bool UseG1GC                                  = true                                      {product} {ergonomic}
     bool UseLargePagesIndividualAllocation        = false                                  {pd product} {ergonomic}

Logging:
Log output configuration:
 #0: stdout all=warning uptime,level,tags foldmultilines=false
 #1: stderr all=off uptime,level,tags foldmultilines=false

Environment Variables:
PATH=C:\Program Files\Common Files\Oracle\Java\javapath;C:\windows\system32;C:\windows;C:\windows\System32\Wbem;C:\windows\System32\WindowsPowerShell\v1.0\;C:\windows\System32\OpenSSH\;C:\Program Files (x86)\NVIDIA Corporation\PhysX\Common;C:\Program Files\NVIDIA Corporation\NVIDIA NvDLISR;C:\Program Files (x86)\Microsoft SQL Server\160\Tools\Binn\;C:\Program Files\Microsoft SQL Server\160\Tools\Binn\;C:\Program Files\Microsoft SQL Server\Client SDK\ODBC\170\Tools\Binn\;C:\Program Files\Microsoft SQL Server\160\DTS\Binn\;C:\Program Files (x86)\Microsoft SQL Server\160\DTS\Binn\;C:\WINDOWS\system32;C:\WINDOWS;C:\WINDOWS\System32\Wbem;C:\WINDOWS\System32\WindowsPowerShell\v1.0\;C:\WINDOWS\System32\OpenSSH\;C:\Program Files\Git\cmd;C:\Users\orekc\AppData\Local\Microsoft\WindowsApps;C:\Users\orekc\AppData\Local\Programs\Microsoft VS Code\bin;C:\Users\orekc\AppData\Local\Android\Sdk;
USERNAME=orekc
OS=Windows_NT
PROCESSOR_IDENTIFIER=Intel64 Family 6 Model 186 Stepping 2, GenuineIntel
TMP=C:\Users\orekc\AppData\Local\Temp
TEMP=C:\Users\orekc\AppData\Local\Temp




Periodic native trim disabled

---------------  S Y S T E M  ---------------

OS:
 Windows 11 , 64 bit Build 26100 (10.0.26100.3912)
OS uptime: 2 days 20:39 hours
Hyper-V role detected

CPU: total 16 (initial active 16) (8 cores per cpu, 2 threads per core) family 6 model 186 stepping 2 microcode 0x4122, cx8, cmov, fxsr, ht, mmx, 3dnowpref, sse, sse2, sse3, ssse3, sse4.1, sse4.2, popcnt, lzcnt, tsc, tscinvbit, avx, avx2, aes, erms, clmul, bmi1, bmi2, adx, sha, fma, vzeroupper, clflush, clflushopt, clwb, hv, serialize, rdtscp, rdpid, fsrm, gfni, f16c, cet_ibt, cet_ss
Processor Information for processor 0
  Max Mhz: 2400, Current Mhz: 1520, Mhz Limit: 2400
Processor Information for processor 1
  Max Mhz: 2400, Current Mhz: 1520, Mhz Limit: 2400
Processor Information for processor 2
  Max Mhz: 2400, Current Mhz: 1520, Mhz Limit: 2400
Processor Information for processor 3
  Max Mhz: 2400, Current Mhz: 1520, Mhz Limit: 2400
Processor Information for processor 4
  Max Mhz: 2400, Current Mhz: 1520, Mhz Limit: 2400
Processor Information for processor 5
  Max Mhz: 2400, Current Mhz: 1520, Mhz Limit: 2400
Processor Information for processor 6
  Max Mhz: 2400, Current Mhz: 1520, Mhz Limit: 2400
Processor Information for processor 7
  Max Mhz: 2400, Current Mhz: 1520, Mhz Limit: 2400
Processor Information for processor 8
  Max Mhz: 2400, Current Mhz: 1520, Mhz Limit: 2400
Processor Information for processor 9
  Max Mhz: 2400, Current Mhz: 1520, Mhz Limit: 2400
Processor Information for processor 10
  Max Mhz: 2400, Current Mhz: 1520, Mhz Limit: 2400
Processor Information for processor 11
  Max Mhz: 2400, Current Mhz: 1520, Mhz Limit: 2400
Processor Information for processor 12
  Max Mhz: 2400, Current Mhz: 1466, Mhz Limit: 2400
Processor Information for processor 13
  Max Mhz: 2400, Current Mhz: 1466, Mhz Limit: 2400
Processor Information for processor 14
  Max Mhz: 2400, Current Mhz: 1466, Mhz Limit: 2400
Processor Information for processor 15
  Max Mhz: 2400, Current Mhz: 1466, Mhz Limit: 2400

Memory: 4k page, system-wide physical 16024M (4776M free)
TotalPageFile size 27800M (AvailPageFile size 10150M)
current process WorkingSet (physical memory assigned to process): 294M, peak: 304M
current process commit charge ("private bytes"): 573M, peak: 598M

vm_info: OpenJDK 64-Bit Server VM (24.0.1+9-30) for windows-amd64 JRE (24.0.1+9-30), built on 2025-03-05T07:23:45Z with MS VC++ 17.6 (VS2022)

END.
